Log file open, 08/06/20 15:27:11
LogInit: Display: Running engine for game: ViveTracker_Gamepad_Template
LogPlatformFile: Not using cached read wrapper
LogTaskGraph: Started task graph with 5 named threads and 71 total threads with 3 sets of task threads.
LogStats: Stats thread started at 0.147910
LogD3D11RHI: Loaded GFSDK_Aftermath_Lib.x64.dll
LogICUInternationalization: ICU TimeZone Detection - Raw Offset: -6:00, Platform Override: ''
LogPluginManager: Mounting plugin Paper2D
LogPluginManager: Mounting plugin AISupport
LogPluginManager: Mounting plugin LightPropagationVolume
LogPluginManager: Mounting plugin CameraShakePreviewer
LogPluginManager: Mounting plugin Composure
LogPluginManager: Mounting plugin LensDistortion
LogPluginManager: Mounting plugin OpenColorIO
LogPluginManager: Mounting plugin ActorLayerUtilities
LogPluginManager: Mounting plugin AnimationSharing
LogPluginManager: Mounting plugin CLionSourceCodeAccess
LogPluginManager: Mounting plugin CodeLiteSourceCodeAccess
LogPluginManager: Mounting plugin ConcertMain
LogPluginManager: Mounting plugin ConcertSyncClient
LogPluginManager: Mounting plugin ConcertSyncCore
LogPluginManager: Mounting plugin MultiUserClient
LogPluginManager: Mounting plugin GitSourceControl
LogPluginManager: Mounting plugin KDevelopSourceCodeAccess
LogPluginManager: Mounting plugin NullSourceCodeAccess
LogPluginManager: Mounting plugin PerforceSourceControl
LogPluginManager: Mounting plugin PlasticSourceControl
LogPluginManager: Mounting plugin RiderSourceCodeAccess
LogPluginManager: Mounting plugin SubversionSourceControl
LogPluginManager: Mounting plugin UObjectPlugin
LogPluginManager: Mounting plugin VisualStudioCodeSourceCodeAccess
LogPluginManager: Mounting plugin VisualStudioSourceCodeAccess
LogPluginManager: Mounting plugin XCodeSourceCodeAccess
LogPluginManager: Mounting plugin AssetManagerEditor
LogPluginManager: Mounting plugin BlueprintMaterialTextureNodes
LogPluginManager: Mounting plugin CryptoKeys
LogPluginManager: Mounting plugin CurveEditorTools
LogPluginManager: Mounting plugin DataValidation
LogPluginManager: Mounting plugin EditorScriptingUtilities
LogPluginManager: Mounting plugin FacialAnimation
LogPluginManager: Mounting plugin GameplayTagsEditor
LogPluginManager: Mounting plugin GeometryMode
LogPluginManager: Mounting plugin MacGraphicsSwitching
LogPluginManager: Mounting plugin MaterialAnalyzer
LogPluginManager: Mounting plugin MobileLauncherProfileWizard
LogPluginManager: Mounting plugin PluginBrowser
LogPluginManager: Mounting plugin SpeedTreeImporter
LogPluginManager: Mounting plugin DatasmithContent
LogPluginManager: Mounting plugin VariantManagerContent
LogPluginManager: Mounting plugin AlembicImporter
LogPluginManager: Mounting plugin AutomationUtils
LogPluginManager: Mounting plugin BackChannel
LogPluginManager: Mounting plugin ChaosCloth
LogPluginManager: Mounting plugin ChaosClothEditor
LogPluginManager: Mounting plugin ChaosEditor
LogPluginManager: Mounting plugin ChaosNiagara
LogPluginManager: Mounting plugin ChaosSolverPlugin
LogPluginManager: Mounting plugin CharacterAI
LogPluginManager: Mounting plugin GeometryCache
LogPluginManager: Mounting plugin GeometryCollectionPlugin
LogPluginManager: Mounting plugin GeometryProcessing
LogPluginManager: Mounting plugin PlanarCut
LogPluginManager: Mounting plugin PlatformCrypto
LogPluginManager: Mounting plugin ProxyLODPlugin
LogPluginManager: Mounting plugin PythonScriptPlugin
LogPluginManager: Mounting plugin RemoteSession
LogPluginManager: Mounting plugin SkeletalReduction
LogPluginManager: Mounting plugin VirtualCamera
LogPluginManager: Mounting plugin VirtualProductionUtilities
LogPluginManager: Mounting plugin Niagara
LogPluginManager: Mounting plugin MagicLeap
LogPluginManager: Mounting plugin MagicLeapLightEstimation
LogPluginManager: Mounting plugin MagicLeapMedia
LogPluginManager: Mounting plugin MagicLeapPassableWorld
LogPluginManager: Mounting plugin MLSDK
LogPluginManager: Mounting plugin AndroidMedia
LogPluginManager: Mounting plugin AvfMedia
LogPluginManager: Mounting plugin ImgMedia
LogPluginManager: Mounting plugin MediaCompositing
LogPluginManager: Mounting plugin MediaIOFramework
LogPluginManager: Mounting plugin MediaPlayerEditor
LogPluginManager: Mounting plugin WebMMedia
LogPluginManager: Mounting plugin WmfMedia
LogPluginManager: Mounting plugin MegascansPlugin
LogPluginManager: Mounting plugin MeshPainting
LogPluginManager: Mounting plugin TcpMessaging
LogPluginManager: Mounting plugin UdpMessaging
LogPluginManager: Mounting plugin ActorSequence
LogPluginManager: Mounting plugin LevelSequenceEditor
LogPluginManager: Mounting plugin MatineeToLevelSequence
LogPluginManager: Mounting plugin MovieRenderPipeline
LogPluginManager: Mounting plugin SequencerScripting
LogPluginManager: Mounting plugin TemplateSequence
LogPluginManager: Mounting plugin NetcodeUnitTest
LogPluginManager: Mounting plugin NUTUnrealEngine4
LogPluginManager: Mounting plugin OnlineSubsystemGooglePlay
LogPluginManager: Mounting plugin OnlineSubsystemIOS
LogPluginManager: Mounting plugin OnlineSubsystem
LogPluginManager: Mounting plugin OnlineSubsystemNull
LogPluginManager: Mounting plugin OnlineSubsystemUtils
LogPluginManager: Mounting plugin LauncherChunkInstaller
LogPluginManager: Mounting plugin AndroidDeviceProfileSelector
LogPluginManager: Mounting plugin AndroidMoviePlayer
LogPluginManager: Mounting plugin AndroidPermission
LogPluginManager: Mounting plugin AppleImageUtils
LogPluginManager: Mounting plugin AppleMoviePlayer
LogPluginManager: Mounting plugin ArchVisCharacter
LogPluginManager: Mounting plugin AssetTags
LogPluginManager: Mounting plugin AudioCapture
LogPluginManager: Mounting plugin CableComponent
LogPluginManager: Mounting plugin CustomMeshComponent
LogPluginManager: Mounting plugin SQLiteCore
LogPluginManager: Mounting plugin EditableMesh
LogPluginManager: Mounting plugin ExampleDeviceProfileSelector
LogPluginManager: Mounting plugin GoogleCloudMessaging
LogPluginManager: Mounting plugin GooglePAD
LogPluginManager: Mounting plugin HoudiniEngine
LogPluginManager: Mounting plugin IOSDeviceProfileSelector
LogPluginManager: Mounting plugin LinuxDeviceProfileSelector
LogPluginManager: Mounting plugin LocationServicesBPLibrary
LogPluginManager: Mounting plugin MobilePatchingUtils
LogPluginManager: Mounting plugin OculusVR
LogPluginManager: Mounting plugin PhysXVehicles
LogPluginManager: Mounting plugin PostSplashScreen
LogPluginManager: Mounting plugin ProceduralMeshComponent
LogPluginManager: Mounting plugin RuntimePhysXCooking
LogPluginManager: Mounting plugin SignificanceManager
LogPluginManager: Mounting plugin SoundFields
LogPluginManager: Mounting plugin SteamVR
LogPluginManager: Mounting plugin Synthesis
LogPluginManager: Mounting plugin WebMMoviePlayer
LogPluginManager: Mounting plugin WindowsMoviePlayer
LogPluginManager: Mounting plugin ScreenshotTools
LogPluginManager: Mounting plugin CompositePlane
LogPluginManager: Mounting plugin Takes
LogPluginManager: Mounting plugin TimedDataMonitor
LogRemoteSession: No channels specified. Defaulting to Input and Framebuffer.
LogRemoteSession: Will request channel FRemoteSessionInputChannel in mode Read.
LogRemoteSession: Will request channel FRemoteSessionFrameBufferChannel_DEPRECATED in mode Write.
LogInit: Using libcurl 7.55.1-DEV
LogInit:  - built for x86_64-pc-win32
LogInit:  - supports SSL with OpenSSL/1.1.1
LogInit:  - supports HTTP deflate (compression) using libz 1.2.8
LogInit:  - other features:
LogInit:      CURL_VERSION_SSL
LogInit:      CURL_VERSION_LIBZ
LogInit:      CURL_VERSION_IPV6
LogInit:      CURL_VERSION_ASYNCHDNS
LogInit:      CURL_VERSION_LARGEFILE
LogInit:      CURL_VERSION_IDN
LogInit:  CurlRequestOptions (configurable via config and command line):
LogInit:  - bVerifyPeer = true  - Libcurl will verify peer certificate
LogInit:  - bUseHttpProxy = false  - Libcurl will NOT use HTTP proxy
LogInit:  - bDontReuseConnections = false  - Libcurl will reuse connections
LogInit:  - MaxHostConnections = 16  - Libcurl will limit the number of connections to a host
LogInit:  - LocalHostAddr = Default
LogInit:  - BufferSize = 65536
LogOnline: OSS: Creating online subsystem instance for: NULL
LogInit: WinSock: version 1.1 (2.2), MaxSocks=32767, MaxUdp=65467
LogOnline: OSS: TryLoadSubsystemAndSetDefault: Loaded subsystem for module [NULL]
LogOculusPluginWrapper: OculusPlugin initialized successfully
LogHMD: Failed initializing OVRPlugin 1.44.0
LogInit: Build: ++UE4+Release-4.25-CL-13908680
LogInit: Engine Version: 4.25.2-13908680+++UE4+Release-4.25
LogInit: Compatible Engine Version: 4.25.0-13144385+++UE4+Release-4.25
LogInit: Net CL: 13144385
LogInit: OS: Windows 10 (Release 2004) (), CPU: AMD Ryzen 9 3900X 12-Core Processor            , GPU: NVIDIA GeForce RTX 2080 Ti
LogInit: Compiled (64-bit): Jul 22 2020 02:11:51
LogInit: Compiled with Visual C++: 19.24.28315.00
LogInit: Build Configuration: Development
LogInit: Branch Name: ++UE4+Release-4.25
LogInit: Command Line: 
LogInit: Base Directory: C:/Program Files/Epic Games/UE_4.25/Engine/Binaries/Win64/
LogInit: Allocator: TBB
LogInit: Installed Engine Build: 1
LogDevObjectVersion: Number of dev versions registered: 26
LogDevObjectVersion:   Dev-Blueprints (B0D832E4-1F89-4F0D-ACCF-7EB736FD4AA2): 10
LogDevObjectVersion:   Dev-Build (E1C64328-A22C-4D53-A36C-8E866417BD8C): 0
LogDevObjectVersion:   Dev-Core (375EC13C-06E4-48FB-B500-84F0262A717E): 4
LogDevObjectVersion:   Dev-Editor (E4B068ED-F494-42E9-A231-DA0B2E46BB41): 38
LogDevObjectVersion:   Dev-Framework (CFFC743F-43B0-4480-9391-14DF171D2073): 37
LogDevObjectVersion:   Dev-Mobile (B02B49B5-BB20-44E9-A304-32B752E40360): 2
LogDevObjectVersion:   Dev-Networking (A4E4105C-59A1-49B5-A7C5-40C4547EDFEE): 0
LogDevObjectVersion:   Dev-Online (39C831C9-5AE6-47DC-9A44-9C173E1C8E7C): 0
LogDevObjectVersion:   Dev-Physics (78F01B33-EBEA-4F98-B9B4-84EACCB95AA2): 4
LogDevObjectVersion:   Dev-Platform (6631380F-2D4D-43E0-8009-CF276956A95A): 0
LogDevObjectVersion:   Dev-Rendering (12F88B9F-8875-4AFC-A67C-D90C383ABD29): 43
LogDevObjectVersion:   Dev-Sequencer (7B5AE74C-D270-4C10-A958-57980B212A5A): 12
LogDevObjectVersion:   Dev-VR (D7296918-1DD6-4BDD-9DE2-64A83CC13884): 3
LogDevObjectVersion:   Dev-LoadTimes (C2A15278-BFE7-4AFE-6C17-90FF531DF755): 1
LogDevObjectVersion:   Private-Geometry (6EACA3D4-40EC-4CC1-B786-8BED09428FC5): 3
LogDevObjectVersion:   Dev-AnimPhys (29E575DD-E0A3-4627-9D10-D276232CDCEA): 17
LogDevObjectVersion:   Dev-Anim (AF43A65D-7FD3-4947-9873-3E8ED9C1BB05): 7
LogDevObjectVersion:   Dev-ReflectionCapture (6B266CEC-1EC7-4B8F-A30B-E4D90942FC07): 1
LogDevObjectVersion:   Dev-Automation (0DF73D61-A23F-47EA-B727-89E90C41499A): 1
LogDevObjectVersion:   FortniteMain (601D1886-AC64-4F84-AA16-D3DE0DEAC7D6): 31
LogDevObjectVersion:   Dev-Enterprise (9DFFBCD6-494F-0158-E221-12823C92A888): 10
LogDevObjectVersion:   Dev-Niagara (F2AED0AC-9AFE-416F-8664-AA7FFA26D6FC): 1
LogDevObjectVersion:   Dev-Destruction (174F1F0B-B4C6-45A5-B13F-2EE8D0FB917D): 10
LogDevObjectVersion:   Dev-Physics-Ext (35F94A83-E258-406C-A318-09F59610247C): 37
LogDevObjectVersion:   Dev-PhysicsMaterial-Chaos (B68FC16E-8B1B-42E2-B453-215C058844FE): 1
LogDevObjectVersion:   Dev-CineCamera (B2E18506-4273-CFC2-A54E-F4BB758BBA07): 1
LogInit: Presizing for max 25165824 objects, including 0 objects not considered by GC, pre-allocating 0 bytes for permanent pool.
LogConfig: Applying CVar settings from Section [/Script/Engine.StreamingSettings] File [D:/Unreal Projects/ViveTracker_Gamepad_Template/Camera_Control/Saved/Config/Windows/Engine.ini]
LogConfig: Setting CVar [[s.MinBulkDataSizeForAsyncLoading:131072]]
LogConfig: Setting CVar [[s.AsyncLoadingThreadEnabled:0]]
LogConfig: Setting CVar [[s.EventDrivenLoaderEnabled:1]]
LogConfig: Setting CVar [[s.WarnIfTimeLimitExceeded:0]]
LogConfig: Setting CVar [[s.TimeLimitExceededMultiplier:1.5]]
LogConfig: Setting CVar [[s.TimeLimitExceededMinTime:0.005]]
LogConfig: Setting CVar [[s.UseBackgroundLevelStreaming:1]]
LogConfig: Setting CVar [[s.PriorityAsyncLoadingExtraTime:15.0]]
LogConfig: Setting CVar [[s.LevelStreamingActorsUpdateTimeLimit:5.0]]
LogConfig: Setting CVar [[s.PriorityLevelStreamingActorsUpdateExtraTime:5.0]]
LogConfig: Setting CVar [[s.LevelStreamingComponentsRegistrationGranularity:10]]
LogConfig: Setting CVar [[s.UnregisterComponentsTimeLimit:1.0]]
LogConfig: Setting CVar [[s.LevelStreamingComponentsUnregistrationGranularity:5]]
LogConfig: Setting CVar [[s.FlushStreamingOnExit:1]]
LogInit: Object subsystem initialized
LogConfig: Setting CVar [[con.DebugEarlyDefault:1]]
LogConfig: Setting CVar [[r.setres:1280x720]]
[2020.08.06-20.27.12:263][  0]LogConfig: Setting CVar [[r.VSync:0]]
[2020.08.06-20.27.12:263][  0]LogConfig: Setting CVar [[r.RHICmdBypass:0]]
[2020.08.06-20.27.12:263][  0]LogConfig: Applying CVar settings from Section [/Script/Engine.RendererSettings] File [D:/Unreal Projects/ViveTracker_Gamepad_Template/Camera_Control/Saved/Config/Windows/Engine.ini]
[2020.08.06-20.27.12:263][  0]LogConfig: Setting CVar [[r.GPUCrashDebugging:0]]
[2020.08.06-20.27.12:263][  0]LogConfig: Applying CVar settings from Section [/Script/Engine.RendererOverrideSettings] File [D:/Unreal Projects/ViveTracker_Gamepad_Template/Camera_Control/Saved/Config/Windows/Engine.ini]
[2020.08.06-20.27.12:263][  0]LogConfig: Applying CVar settings from Section [/Script/Engine.StreamingSettings] File [D:/Unreal Projects/ViveTracker_Gamepad_Template/Camera_Control/Saved/Config/Windows/Engine.ini]
[2020.08.06-20.27.12:263][  0]LogConfig: Setting CVar [[s.MinBulkDataSizeForAsyncLoading:131072]]
[2020.08.06-20.27.12:263][  0]LogConfig: Setting CVar [[s.AsyncLoadingThreadEnabled:0]]
[2020.08.06-20.27.12:263][  0]LogConfig: Setting CVar [[s.EventDrivenLoaderEnabled:1]]
[2020.08.06-20.27.12:263][  0]LogConfig: Setting CVar [[s.WarnIfTimeLimitExceeded:0]]
[2020.08.06-20.27.12:263][  0]LogConfig: Setting CVar [[s.TimeLimitExceededMultiplier:1.5]]
[2020.08.06-20.27.12:263][  0]LogConfig: Setting CVar [[s.TimeLimitExceededMinTime:0.005]]
[2020.08.06-20.27.12:263][  0]LogConfig: Setting CVar [[s.UseBackgroundLevelStreaming:1]]
[2020.08.06-20.27.12:263][  0]LogConfig: Setting CVar [[s.PriorityAsyncLoadingExtraTime:15.0]]
[2020.08.06-20.27.12:263][  0]LogConfig: Setting CVar [[s.LevelStreamingActorsUpdateTimeLimit:5.0]]
[2020.08.06-20.27.12:263][  0]LogConfig: Setting CVar [[s.PriorityLevelStreamingActorsUpdateExtraTime:5.0]]
[2020.08.06-20.27.12:263][  0]LogConfig: Setting CVar [[s.LevelStreamingComponentsRegistrationGranularity:10]]
[2020.08.06-20.27.12:263][  0]LogConfig: Setting CVar [[s.UnregisterComponentsTimeLimit:1.0]]
[2020.08.06-20.27.12:263][  0]LogConfig: Setting CVar [[s.LevelStreamingComponentsUnregistrationGranularity:5]]
[2020.08.06-20.27.12:263][  0]LogConfig: Setting CVar [[s.FlushStreamingOnExit:1]]
[2020.08.06-20.27.12:263][  0]LogConfig: Applying CVar settings from Section [/Script/Engine.GarbageCollectionSettings] File [D:/Unreal Projects/ViveTracker_Gamepad_Template/Camera_Control/Saved/Config/Windows/Engine.ini]
[2020.08.06-20.27.12:263][  0]LogConfig: Setting CVar [[gc.MaxObjectsNotConsideredByGC:1]]
[2020.08.06-20.27.12:263][  0]LogConfig: Setting CVar [[gc.SizeOfPermanentObjectPool:0]]
[2020.08.06-20.27.12:263][  0]LogConfig: Setting CVar [[gc.FlushStreamingOnGC:0]]
[2020.08.06-20.27.12:263][  0]LogConfig: Setting CVar [[gc.NumRetriesBeforeForcingGC:10]]
[2020.08.06-20.27.12:263][  0]LogConfig: Setting CVar [[gc.AllowParallelGC:1]]
[2020.08.06-20.27.12:263][  0]LogConfig: Setting CVar [[gc.TimeBetweenPurgingPendingKillObjects:61.1]]
[2020.08.06-20.27.12:263][  0]LogConfig: Setting CVar [[gc.MaxObjectsInEditor:25165824]]
[2020.08.06-20.27.12:263][  0]LogConfig: Setting CVar [[gc.IncrementalBeginDestroyEnabled:1]]
[2020.08.06-20.27.12:263][  0]LogConfig: Setting CVar [[gc.CreateGCClusters:1]]
[2020.08.06-20.27.12:264][  0]LogConfig: Setting CVar [[gc.MinGCClusterSize:5]]
[2020.08.06-20.27.12:264][  0]LogConfig: Setting CVar [[gc.ActorClusteringEnabled:0]]
[2020.08.06-20.27.12:264][  0]LogConfig: Setting CVar [[gc.BlueprintClusteringEnabled:0]]
[2020.08.06-20.27.12:264][  0]LogConfig: Setting CVar [[gc.UseDisregardForGCOnDedicatedServers:0]]
[2020.08.06-20.27.12:264][  0]LogConfig: Applying CVar settings from Section [/Script/Engine.NetworkSettings] File [D:/Unreal Projects/ViveTracker_Gamepad_Template/Camera_Control/Saved/Config/Windows/Engine.ini]
[2020.08.06-20.27.12:264][  0]LogConfig: Applying CVar settings from Section [/Script/UnrealEd.CookerSettings] File [D:/Unreal Projects/ViveTracker_Gamepad_Template/Camera_Control/Saved/Config/Windows/Engine.ini]
[2020.08.06-20.27.12:272][  0]LogConfig: Applying CVar settings from Section [ViewDistanceQuality@3] File [D:/Unreal Projects/ViveTracker_Gamepad_Template/Camera_Control/Saved/Config/Windows/Scalability.ini]
[2020.08.06-20.27.12:272][  0]LogConfig: Setting CVar [[r.SkeletalMeshLODBias:0]]
[2020.08.06-20.27.12:272][  0]LogConfig: Setting CVar [[r.ViewDistanceScale:1.0]]
[2020.08.06-20.27.12:272][  0]LogConfig: Applying CVar settings from Section [AntiAliasingQuality@3] File [D:/Unreal Projects/ViveTracker_Gamepad_Template/Camera_Control/Saved/Config/Windows/Scalability.ini]
[2020.08.06-20.27.12:272][  0]LogConfig: Setting CVar [[r.PostProcessAAQuality:4]]
[2020.08.06-20.27.12:273][  0]LogConfig: Applying CVar settings from Section [ShadowQuality@3] File [D:/Unreal Projects/ViveTracker_Gamepad_Template/Camera_Control/Saved/Config/Windows/Scalability.ini]
[2020.08.06-20.27.12:273][  0]LogConfig: Setting CVar [[r.LightFunctionQuality:1]]
[2020.08.06-20.27.12:273][  0]LogConfig: Setting CVar [[r.ShadowQuality:5]]
[2020.08.06-20.27.12:273][  0]LogConfig: Setting CVar [[r.Shadow.CSM.MaxCascades:10]]
[2020.08.06-20.27.12:273][  0]LogConfig: Setting CVar [[r.Shadow.MaxResolution:2048]]
[2020.08.06-20.27.12:273][  0]LogConfig: Setting CVar [[r.Shadow.MaxCSMResolution:2048]]
[2020.08.06-20.27.12:273][  0]LogConfig: Setting CVar [[r.Shadow.RadiusThreshold:0.01]]
[2020.08.06-20.27.12:273][  0]LogConfig: Setting CVar [[r.Shadow.DistanceScale:1.0]]
[2020.08.06-20.27.12:273][  0]LogConfig: Setting CVar [[r.Shadow.CSM.TransitionScale:1.0]]
[2020.08.06-20.27.12:273][  0]LogConfig: Setting CVar [[r.Shadow.PreShadowResolutionFactor:1.0]]
[2020.08.06-20.27.12:273][  0]LogConfig: Setting CVar [[r.DistanceFieldShadowing:1]]
[2020.08.06-20.27.12:273][  0]LogConfig: Setting CVar [[r.DistanceFieldAO:1]]
[2020.08.06-20.27.12:273][  0]LogConfig: Setting CVar [[r.AOQuality:2]]
[2020.08.06-20.27.12:273][  0]LogConfig: Setting CVar [[r.VolumetricFog:1]]
[2020.08.06-20.27.12:273][  0]LogConfig: Setting CVar [[r.VolumetricFog.GridPixelSize:8]]
[2020.08.06-20.27.12:273][  0]LogConfig: Setting CVar [[r.VolumetricFog.GridSizeZ:128]]
[2020.08.06-20.27.12:273][  0]LogConfig: Setting CVar [[r.VolumetricFog.HistoryMissSupersampleCount:4]]
[2020.08.06-20.27.12:273][  0]LogConfig: Setting CVar [[r.LightMaxDrawDistanceScale:1]]
[2020.08.06-20.27.12:273][  0]LogConfig: Setting CVar [[r.CapsuleShadows:1]]
[2020.08.06-20.27.12:273][  0]LogConfig: Applying CVar settings from Section [PostProcessQuality@3] File [D:/Unreal Projects/ViveTracker_Gamepad_Template/Camera_Control/Saved/Config/Windows/Scalability.ini]
[2020.08.06-20.27.12:273][  0]LogConfig: Setting CVar [[r.MotionBlurQuality:4]]
[2020.08.06-20.27.12:273][  0]LogConfig: Setting CVar [[r.AmbientOcclusionMipLevelFactor:0.4]]
[2020.08.06-20.27.12:273][  0]LogConfig: Setting CVar [[r.AmbientOcclusionMaxQuality:100]]
[2020.08.06-20.27.12:273][  0]LogConfig: Setting CVar [[r.AmbientOcclusionLevels:-1]]
[2020.08.06-20.27.12:273][  0]LogConfig: Setting CVar [[r.AmbientOcclusionRadiusScale:1.0]]
[2020.08.06-20.27.12:273][  0]LogConfig: Setting CVar [[r.DepthOfFieldQuality:2]]
[2020.08.06-20.27.12:273][  0]LogConfig: Setting CVar [[r.RenderTargetPoolMin:400]]
[2020.08.06-20.27.12:273][  0]LogConfig: Setting CVar [[r.LensFlareQuality:2]]
[2020.08.06-20.27.12:273][  0]LogConfig: Setting CVar [[r.SceneColorFringeQuality:1]]
[2020.08.06-20.27.12:273][  0]LogConfig: Setting CVar [[r.EyeAdaptationQuality:2]]
[2020.08.06-20.27.12:273][  0]LogConfig: Setting CVar [[r.BloomQuality:5]]
[2020.08.06-20.27.12:273][  0]LogConfig: Setting CVar [[r.FastBlurThreshold:100]]
[2020.08.06-20.27.12:273][  0]LogConfig: Setting CVar [[r.Upscale.Quality:3]]
[2020.08.06-20.27.12:273][  0]LogConfig: Setting CVar [[r.Tonemapper.GrainQuantization:1]]
[2020.08.06-20.27.12:273][  0]LogConfig: Setting CVar [[r.LightShaftQuality:1]]
[2020.08.06-20.27.12:273][  0]LogConfig: Setting CVar [[r.Filter.SizeScale:1]]
[2020.08.06-20.27.12:273][  0]LogConfig: Setting CVar [[r.Tonemapper.Quality:5]]
[2020.08.06-20.27.12:273][  0]LogConfig: Setting CVar [[r.DOF.Gather.AccumulatorQuality:1        ; higher gathering accumulator quality]]
[2020.08.06-20.27.12:273][  0]LogConfig: Setting CVar [[r.DOF.Gather.PostfilterMethod:1          ; Median3x3 postfilering method]]
[2020.08.06-20.27.12:273][  0]LogConfig: Setting CVar [[r.DOF.Gather.EnableBokehSettings:0       ; no bokeh simulation when gathering]]
[2020.08.06-20.27.12:273][  0]LogConfig: Setting CVar [[r.DOF.Gather.RingCount:4                 ; medium number of samples when gathering]]
[2020.08.06-20.27.12:273][  0]LogConfig: Setting CVar [[r.DOF.Scatter.ForegroundCompositing:1    ; additive foreground scattering]]
[2020.08.06-20.27.12:273][  0]LogConfig: Setting CVar [[r.DOF.Scatter.BackgroundCompositing:2    ; additive background scattering]]
[2020.08.06-20.27.12:273][  0]LogConfig: Setting CVar [[r.DOF.Scatter.EnableBokehSettings:1      ; bokeh simulation when scattering]]
[2020.08.06-20.27.12:273][  0]LogConfig: Setting CVar [[r.DOF.Scatter.MaxSpriteRatio:0.1         ; only a maximum of 10% of scattered bokeh]]
[2020.08.06-20.27.12:273][  0]LogConfig: Setting CVar [[r.DOF.Recombine.Quality:1                ; cheap slight out of focus]]
[2020.08.06-20.27.12:273][  0]LogConfig: Setting CVar [[r.DOF.Recombine.EnableBokehSettings:0    ; no bokeh simulation on slight out of focus]]
[2020.08.06-20.27.12:273][  0]LogConfig: Setting CVar [[r.DOF.TemporalAAQuality:1                ; more stable temporal accumulation]]
[2020.08.06-20.27.12:273][  0]LogConfig: Setting CVar [[r.DOF.Kernel.MaxForegroundRadius:0.025]]
[2020.08.06-20.27.12:273][  0]LogConfig: Setting CVar [[r.DOF.Kernel.MaxBackgroundRadius:0.025]]
[2020.08.06-20.27.12:273][  0]LogConfig: Applying CVar settings from Section [TextureQuality@3] File [D:/Unreal Projects/ViveTracker_Gamepad_Template/Camera_Control/Saved/Config/Windows/Scalability.ini]
[2020.08.06-20.27.12:273][  0]LogConfig: Setting CVar [[r.Streaming.MipBias:0]]
[2020.08.06-20.27.12:273][  0]LogConfig: Setting CVar [[r.Streaming.AmortizeCPUToGPUCopy:0]]
[2020.08.06-20.27.12:273][  0]LogConfig: Setting CVar [[r.Streaming.MaxNumTexturesToStreamPerFrame:0]]
[2020.08.06-20.27.12:273][  0]LogConfig: Setting CVar [[r.Streaming.Boost:1]]
[2020.08.06-20.27.12:273][  0]LogConfig: Setting CVar [[r.MaxAnisotropy:8]]
[2020.08.06-20.27.12:273][  0]LogConfig: Setting CVar [[r.VT.MaxAnisotropy:8]]
[2020.08.06-20.27.12:273][  0]LogConfig: Setting CVar [[r.Streaming.LimitPoolSizeToVRAM:0]]
[2020.08.06-20.27.12:273][  0]LogConfig: Setting CVar [[r.Streaming.PoolSize:1000]]
[2020.08.06-20.27.12:273][  0]LogConfig: Setting CVar [[r.Streaming.MaxEffectiveScreenSize:0]]
[2020.08.06-20.27.12:273][  0]LogConfig: Applying CVar settings from Section [EffectsQuality@3] File [D:/Unreal Projects/ViveTracker_Gamepad_Template/Camera_Control/Saved/Config/Windows/Scalability.ini]
[2020.08.06-20.27.12:273][  0]LogConfig: Setting CVar [[r.TranslucencyLightingVolumeDim:64]]
[2020.08.06-20.27.12:273][  0]LogConfig: Setting CVar [[r.RefractionQuality:2]]
[2020.08.06-20.27.12:273][  0]LogConfig: Setting CVar [[r.SSR.Quality:3]]
[2020.08.06-20.27.12:273][  0]LogConfig: Setting CVar [[r.SSR.HalfResSceneColor:0]]
[2020.08.06-20.27.12:273][  0]LogConfig: Setting CVar [[r.SceneColorFormat:4]]
[2020.08.06-20.27.12:273][  0]LogConfig: Setting CVar [[r.DetailMode:2]]
[2020.08.06-20.27.12:273][  0]LogConfig: Setting CVar [[r.TranslucencyVolumeBlur:1]]
[2020.08.06-20.27.12:273][  0]LogConfig: Setting CVar [[r.MaterialQualityLevel:1 ; High quality]]
[2020.08.06-20.27.12:273][  0]LogConfig: Setting CVar [[r.SSS.Scale:1]]
[2020.08.06-20.27.12:273][  0]LogConfig: Setting CVar [[r.SSS.SampleSet:2]]
[2020.08.06-20.27.12:273][  0]LogConfig: Setting CVar [[r.SSS.Quality:1]]
[2020.08.06-20.27.12:273][  0]LogConfig: Setting CVar [[r.SSS.HalfRes:0]]
[2020.08.06-20.27.12:273][  0]LogConfig: Setting CVar [[r.SSGI.Quality:3]]
[2020.08.06-20.27.12:273][  0]LogConfig: Setting CVar [[r.EmitterSpawnRateScale:1.0]]
[2020.08.06-20.27.12:273][  0]LogConfig: Setting CVar [[r.ParticleLightQuality:2]]
[2020.08.06-20.27.12:273][  0]LogConfig: Setting CVar [[r.SkyAtmosphere.AerialPerspectiveLUT.FastApplyOnOpaque:1 ; Always have FastSkyLUT 1 in this case to avoid wrong sky]]
[2020.08.06-20.27.12:273][  0]LogConfig: Setting CVar [[r.SkyAtmosphere.AerialPerspectiveLUT.SampleCountPerSlice:1]]
[2020.08.06-20.27.12:273][  0]LogConfig: Setting CVar [[r.SkyAtmosphere.AerialPerspectiveLUT.DepthResolution:16.0]]
[2020.08.06-20.27.12:273][  0]LogConfig: Setting CVar [[r.SkyAtmosphere.FastSkyLUT:1]]
[2020.08.06-20.27.12:273][  0]LogConfig: Setting CVar [[r.SkyAtmosphere.FastSkyLUT.SampleCountMin:4.0]]
[2020.08.06-20.27.12:273][  0]LogConfig: Setting CVar [[r.SkyAtmosphere.FastSkyLUT.SampleCountMax:32.0]]
[2020.08.06-20.27.12:273][  0]LogConfig: Setting CVar [[r.SkyAtmosphere.SampleCountMin:4.0]]
[2020.08.06-20.27.12:273][  0]LogConfig: Setting CVar [[r.SkyAtmosphere.SampleCountMax:32.0]]
[2020.08.06-20.27.12:273][  0]LogConfig: Setting CVar [[r.SkyAtmosphere.TransmittanceLUT.UseSmallFormat:0]]
[2020.08.06-20.27.12:273][  0]LogConfig: Setting CVar [[r.SkyAtmosphere.TransmittanceLUT.SampleCount:10.0]]
[2020.08.06-20.27.12:273][  0]LogConfig: Setting CVar [[r.SkyAtmosphere.MultiScatteringLUT.SampleCount:15.0]]
[2020.08.06-20.27.12:273][  0]LogConfig: Applying CVar settings from Section [FoliageQuality@3] File [D:/Unreal Projects/ViveTracker_Gamepad_Template/Camera_Control/Saved/Config/Windows/Scalability.ini]
[2020.08.06-20.27.12:273][  0]LogConfig: Setting CVar [[foliage.DensityScale:1.0]]
[2020.08.06-20.27.12:273][  0]LogConfig: Setting CVar [[grass.DensityScale:1.0]]
[2020.08.06-20.27.12:273][  0]LogConfig: Applying CVar settings from Section [ShadingQuality@3] File [D:/Unreal Projects/ViveTracker_Gamepad_Template/Camera_Control/Saved/Config/Windows/Scalability.ini]
[2020.08.06-20.27.12:273][  0]LogConfig: Setting CVar [[r.HairStrands.SkyLighting.SampleCount:16]]
[2020.08.06-20.27.12:273][  0]LogConfig: Setting CVar [[r.HairStrands.SkyLighting.JitterIntegration:0]]
[2020.08.06-20.27.12:273][  0]LogConfig: Setting CVar [[r.HairStrands.SkyAO.SampleCount:16]]
[2020.08.06-20.27.12:273][  0]LogConfig: Setting CVar [[r.HairStrands.DeepShadow.SuperSampling:0]]
[2020.08.06-20.27.12:273][  0]LogConfig: Setting CVar [[r.HairStrands.VisibilityPPLL:0]]
[2020.08.06-20.27.12:273][  0]LogConfig: Setting CVar [[r.HairStrands.RasterizationScale:0.5]]
[2020.08.06-20.27.12:273][  0]LogConfig: Setting CVar [[r.HairStrands.VelocityRasterizationScale:1]]
[2020.08.06-20.27.12:274][  0]LogInit: Selected Device Profile: [Windows]
[2020.08.06-20.27.12:274][  0]LogInit: Applying CVar settings loaded from the selected device profile: [Windows]
[2020.08.06-20.27.12:274][  0]LogHAL: Display: Platform has ~ 64 GB [68665274368 / 68719476736 / 64], which maps to Largest [LargestMinGB=32, LargerMinGB=12, DefaultMinGB=8, SmallerMinGB=6, SmallestMinGB=0)
[2020.08.06-20.27.12:274][  0]LogInit: Going up to parent DeviceProfile []
[2020.08.06-20.27.12:274][  0]LogConfig: Applying CVar settings from Section [ViewDistanceQuality@3] File [D:/Unreal Projects/ViveTracker_Gamepad_Template/Camera_Control/Saved/Config/Windows/Scalability.ini]
[2020.08.06-20.27.12:274][  0]LogConfig: Setting CVar [[r.SkeletalMeshLODBias:0]]
[2020.08.06-20.27.12:274][  0]LogConfig: Setting CVar [[r.ViewDistanceScale:1.0]]
[2020.08.06-20.27.12:274][  0]LogConfig: Applying CVar settings from Section [AntiAliasingQuality@3] File [D:/Unreal Projects/ViveTracker_Gamepad_Template/Camera_Control/Saved/Config/Windows/Scalability.ini]
[2020.08.06-20.27.12:274][  0]LogConfig: Setting CVar [[r.PostProcessAAQuality:4]]
[2020.08.06-20.27.12:274][  0]LogConfig: Applying CVar settings from Section [ShadowQuality@3] File [D:/Unreal Projects/ViveTracker_Gamepad_Template/Camera_Control/Saved/Config/Windows/Scalability.ini]
[2020.08.06-20.27.12:274][  0]LogConfig: Setting CVar [[r.LightFunctionQuality:1]]
[2020.08.06-20.27.12:274][  0]LogConfig: Setting CVar [[r.ShadowQuality:5]]
[2020.08.06-20.27.12:274][  0]LogConfig: Setting CVar [[r.Shadow.CSM.MaxCascades:10]]
[2020.08.06-20.27.12:274][  0]LogConfig: Setting CVar [[r.Shadow.MaxResolution:2048]]
[2020.08.06-20.27.12:274][  0]LogConfig: Setting CVar [[r.Shadow.MaxCSMResolution:2048]]
[2020.08.06-20.27.12:274][  0]LogConfig: Setting CVar [[r.Shadow.RadiusThreshold:0.01]]
[2020.08.06-20.27.12:274][  0]LogConfig: Setting CVar [[r.Shadow.DistanceScale:1.0]]
[2020.08.06-20.27.12:274][  0]LogConfig: Setting CVar [[r.Shadow.CSM.TransitionScale:1.0]]
[2020.08.06-20.27.12:274][  0]LogConfig: Setting CVar [[r.Shadow.PreShadowResolutionFactor:1.0]]
[2020.08.06-20.27.12:274][  0]LogConfig: Setting CVar [[r.DistanceFieldShadowing:1]]
[2020.08.06-20.27.12:274][  0]LogConfig: Setting CVar [[r.DistanceFieldAO:1]]
[2020.08.06-20.27.12:274][  0]LogConfig: Setting CVar [[r.AOQuality:2]]
[2020.08.06-20.27.12:274][  0]LogConfig: Setting CVar [[r.VolumetricFog:1]]
[2020.08.06-20.27.12:274][  0]LogConfig: Setting CVar [[r.VolumetricFog.GridPixelSize:8]]
[2020.08.06-20.27.12:274][  0]LogConfig: Setting CVar [[r.VolumetricFog.GridSizeZ:128]]
[2020.08.06-20.27.12:274][  0]LogConfig: Setting CVar [[r.VolumetricFog.HistoryMissSupersampleCount:4]]
[2020.08.06-20.27.12:274][  0]LogConfig: Setting CVar [[r.LightMaxDrawDistanceScale:1]]
[2020.08.06-20.27.12:274][  0]LogConfig: Setting CVar [[r.CapsuleShadows:1]]
[2020.08.06-20.27.12:274][  0]LogConfig: Applying CVar settings from Section [PostProcessQuality@3] File [D:/Unreal Projects/ViveTracker_Gamepad_Template/Camera_Control/Saved/Config/Windows/Scalability.ini]
[2020.08.06-20.27.12:274][  0]LogConfig: Setting CVar [[r.MotionBlurQuality:4]]
[2020.08.06-20.27.12:274][  0]LogConfig: Setting CVar [[r.AmbientOcclusionMipLevelFactor:0.4]]
[2020.08.06-20.27.12:274][  0]LogConfig: Setting CVar [[r.AmbientOcclusionMaxQuality:100]]
[2020.08.06-20.27.12:274][  0]LogConfig: Setting CVar [[r.AmbientOcclusionLevels:-1]]
[2020.08.06-20.27.12:274][  0]LogConfig: Setting CVar [[r.AmbientOcclusionRadiusScale:1.0]]
[2020.08.06-20.27.12:274][  0]LogConfig: Setting CVar [[r.DepthOfFieldQuality:2]]
[2020.08.06-20.27.12:274][  0]LogConfig: Setting CVar [[r.RenderTargetPoolMin:400]]
[2020.08.06-20.27.12:274][  0]LogConfig: Setting CVar [[r.LensFlareQuality:2]]
[2020.08.06-20.27.12:274][  0]LogConfig: Setting CVar [[r.SceneColorFringeQuality:1]]
[2020.08.06-20.27.12:274][  0]LogConfig: Setting CVar [[r.EyeAdaptationQuality:2]]
[2020.08.06-20.27.12:274][  0]LogConfig: Setting CVar [[r.BloomQuality:5]]
[2020.08.06-20.27.12:274][  0]LogConfig: Setting CVar [[r.FastBlurThreshold:100]]
[2020.08.06-20.27.12:274][  0]LogConfig: Setting CVar [[r.Upscale.Quality:3]]
[2020.08.06-20.27.12:274][  0]LogConfig: Setting CVar [[r.Tonemapper.GrainQuantization:1]]
[2020.08.06-20.27.12:274][  0]LogConfig: Setting CVar [[r.LightShaftQuality:1]]
[2020.08.06-20.27.12:274][  0]LogConfig: Setting CVar [[r.Filter.SizeScale:1]]
[2020.08.06-20.27.12:274][  0]LogConfig: Setting CVar [[r.Tonemapper.Quality:5]]
[2020.08.06-20.27.12:274][  0]LogConfig: Setting CVar [[r.DOF.Gather.AccumulatorQuality:1        ; higher gathering accumulator quality]]
[2020.08.06-20.27.12:274][  0]LogConfig: Setting CVar [[r.DOF.Gather.PostfilterMethod:1          ; Median3x3 postfilering method]]
[2020.08.06-20.27.12:274][  0]LogConfig: Setting CVar [[r.DOF.Gather.EnableBokehSettings:0       ; no bokeh simulation when gathering]]
[2020.08.06-20.27.12:274][  0]LogConfig: Setting CVar [[r.DOF.Gather.RingCount:4                 ; medium number of samples when gathering]]
[2020.08.06-20.27.12:274][  0]LogConfig: Setting CVar [[r.DOF.Scatter.ForegroundCompositing:1    ; additive foreground scattering]]
[2020.08.06-20.27.12:274][  0]LogConfig: Setting CVar [[r.DOF.Scatter.BackgroundCompositing:2    ; additive background scattering]]
[2020.08.06-20.27.12:274][  0]LogConfig: Setting CVar [[r.DOF.Scatter.EnableBokehSettings:1      ; bokeh simulation when scattering]]
[2020.08.06-20.27.12:274][  0]LogConfig: Setting CVar [[r.DOF.Scatter.MaxSpriteRatio:0.1         ; only a maximum of 10% of scattered bokeh]]
[2020.08.06-20.27.12:274][  0]LogConfig: Setting CVar [[r.DOF.Recombine.Quality:1                ; cheap slight out of focus]]
[2020.08.06-20.27.12:274][  0]LogConfig: Setting CVar [[r.DOF.Recombine.EnableBokehSettings:0    ; no bokeh simulation on slight out of focus]]
[2020.08.06-20.27.12:274][  0]LogConfig: Setting CVar [[r.DOF.TemporalAAQuality:1                ; more stable temporal accumulation]]
[2020.08.06-20.27.12:274][  0]LogConfig: Setting CVar [[r.DOF.Kernel.MaxForegroundRadius:0.025]]
[2020.08.06-20.27.12:274][  0]LogConfig: Setting CVar [[r.DOF.Kernel.MaxBackgroundRadius:0.025]]
[2020.08.06-20.27.12:274][  0]LogConfig: Applying CVar settings from Section [TextureQuality@3] File [D:/Unreal Projects/ViveTracker_Gamepad_Template/Camera_Control/Saved/Config/Windows/Scalability.ini]
[2020.08.06-20.27.12:274][  0]LogConfig: Setting CVar [[r.Streaming.MipBias:0]]
[2020.08.06-20.27.12:274][  0]LogConfig: Setting CVar [[r.Streaming.AmortizeCPUToGPUCopy:0]]
[2020.08.06-20.27.12:274][  0]LogConfig: Setting CVar [[r.Streaming.MaxNumTexturesToStreamPerFrame:0]]
[2020.08.06-20.27.12:274][  0]LogConfig: Setting CVar [[r.Streaming.Boost:1]]
[2020.08.06-20.27.12:274][  0]LogConfig: Setting CVar [[r.MaxAnisotropy:8]]
[2020.08.06-20.27.12:274][  0]LogConfig: Setting CVar [[r.VT.MaxAnisotropy:8]]
[2020.08.06-20.27.12:274][  0]LogConfig: Setting CVar [[r.Streaming.LimitPoolSizeToVRAM:0]]
[2020.08.06-20.27.12:274][  0]LogConfig: Setting CVar [[r.Streaming.PoolSize:1000]]
[2020.08.06-20.27.12:274][  0]LogConfig: Setting CVar [[r.Streaming.MaxEffectiveScreenSize:0]]
[2020.08.06-20.27.12:274][  0]LogConfig: Applying CVar settings from Section [EffectsQuality@3] File [D:/Unreal Projects/ViveTracker_Gamepad_Template/Camera_Control/Saved/Config/Windows/Scalability.ini]
[2020.08.06-20.27.12:274][  0]LogConfig: Setting CVar [[r.TranslucencyLightingVolumeDim:64]]
[2020.08.06-20.27.12:274][  0]LogConfig: Setting CVar [[r.RefractionQuality:2]]
[2020.08.06-20.27.12:274][  0]LogConfig: Setting CVar [[r.SSR.Quality:3]]
[2020.08.06-20.27.12:274][  0]LogConfig: Setting CVar [[r.SSR.HalfResSceneColor:0]]
[2020.08.06-20.27.12:274][  0]LogConfig: Setting CVar [[r.SceneColorFormat:4]]
[2020.08.06-20.27.12:274][  0]LogConfig: Setting CVar [[r.DetailMode:2]]
[2020.08.06-20.27.12:274][  0]LogConfig: Setting CVar [[r.TranslucencyVolumeBlur:1]]
[2020.08.06-20.27.12:274][  0]LogConfig: Setting CVar [[r.MaterialQualityLevel:1 ; High quality]]
[2020.08.06-20.27.12:274][  0]LogConfig: Setting CVar [[r.SSS.Scale:1]]
[2020.08.06-20.27.12:274][  0]LogConfig: Setting CVar [[r.SSS.SampleSet:2]]
[2020.08.06-20.27.12:274][  0]LogConfig: Setting CVar [[r.SSS.Quality:1]]
[2020.08.06-20.27.12:274][  0]LogConfig: Setting CVar [[r.SSS.HalfRes:0]]
[2020.08.06-20.27.12:274][  0]LogConfig: Setting CVar [[r.SSGI.Quality:3]]
[2020.08.06-20.27.12:274][  0]LogConfig: Setting CVar [[r.EmitterSpawnRateScale:1.0]]
[2020.08.06-20.27.12:274][  0]LogConfig: Setting CVar [[r.ParticleLightQuality:2]]
[2020.08.06-20.27.12:274][  0]LogConfig: Setting CVar [[r.SkyAtmosphere.AerialPerspectiveLUT.FastApplyOnOpaque:1 ; Always have FastSkyLUT 1 in this case to avoid wrong sky]]
[2020.08.06-20.27.12:274][  0]LogConfig: Setting CVar [[r.SkyAtmosphere.AerialPerspectiveLUT.SampleCountPerSlice:1]]
[2020.08.06-20.27.12:274][  0]LogConfig: Setting CVar [[r.SkyAtmosphere.AerialPerspectiveLUT.DepthResolution:16.0]]
[2020.08.06-20.27.12:274][  0]LogConfig: Setting CVar [[r.SkyAtmosphere.FastSkyLUT:1]]
[2020.08.06-20.27.12:274][  0]LogConfig: Setting CVar [[r.SkyAtmosphere.FastSkyLUT.SampleCountMin:4.0]]
[2020.08.06-20.27.12:274][  0]LogConfig: Setting CVar [[r.SkyAtmosphere.FastSkyLUT.SampleCountMax:32.0]]
[2020.08.06-20.27.12:274][  0]LogConfig: Setting CVar [[r.SkyAtmosphere.SampleCountMin:4.0]]
[2020.08.06-20.27.12:275][  0]LogConfig: Setting CVar [[r.SkyAtmosphere.SampleCountMax:32.0]]
[2020.08.06-20.27.12:275][  0]LogConfig: Setting CVar [[r.SkyAtmosphere.TransmittanceLUT.UseSmallFormat:0]]
[2020.08.06-20.27.12:275][  0]LogConfig: Setting CVar [[r.SkyAtmosphere.TransmittanceLUT.SampleCount:10.0]]
[2020.08.06-20.27.12:275][  0]LogConfig: Setting CVar [[r.SkyAtmosphere.MultiScatteringLUT.SampleCount:15.0]]
[2020.08.06-20.27.12:275][  0]LogConfig: Applying CVar settings from Section [FoliageQuality@3] File [D:/Unreal Projects/ViveTracker_Gamepad_Template/Camera_Control/Saved/Config/Windows/Scalability.ini]
[2020.08.06-20.27.12:275][  0]LogConfig: Setting CVar [[foliage.DensityScale:1.0]]
[2020.08.06-20.27.12:275][  0]LogConfig: Setting CVar [[grass.DensityScale:1.0]]
[2020.08.06-20.27.12:275][  0]LogConfig: Applying CVar settings from Section [ShadingQuality@3] File [D:/Unreal Projects/ViveTracker_Gamepad_Template/Camera_Control/Saved/Config/Windows/Scalability.ini]
[2020.08.06-20.27.12:275][  0]LogConfig: Setting CVar [[r.HairStrands.SkyLighting.SampleCount:16]]
[2020.08.06-20.27.12:275][  0]LogConfig: Setting CVar [[r.HairStrands.SkyLighting.JitterIntegration:0]]
[2020.08.06-20.27.12:275][  0]LogConfig: Setting CVar [[r.HairStrands.SkyAO.SampleCount:16]]
[2020.08.06-20.27.12:275][  0]LogConfig: Setting CVar [[r.HairStrands.DeepShadow.SuperSampling:0]]
[2020.08.06-20.27.12:275][  0]LogConfig: Setting CVar [[r.HairStrands.VisibilityPPLL:0]]
[2020.08.06-20.27.12:275][  0]LogConfig: Setting CVar [[r.HairStrands.RasterizationScale:0.5]]
[2020.08.06-20.27.12:275][  0]LogConfig: Setting CVar [[r.HairStrands.VelocityRasterizationScale:1]]
[2020.08.06-20.27.12:275][  0]LogConfig: Applying CVar settings from Section [Startup] File [../../../Engine/Config/ConsoleVariables.ini]
[2020.08.06-20.27.12:275][  0]LogConfig: Setting CVar [[net.UseAdaptiveNetUpdateFrequency:0]]
[2020.08.06-20.27.12:275][  0]LogConfig: Setting CVar [[p.chaos.AllowCreatePhysxBodies:1]]
[2020.08.06-20.27.12:275][  0]LogConfig: Setting CVar [[fx.SkipVectorVMBackendOptimizations:1]]
[2020.08.06-20.27.12:275][  0]LogConfig: Applying CVar settings from Section [ConsoleVariables] File [D:/Unreal Projects/ViveTracker_Gamepad_Template/Camera_Control/Saved/Config/Windows/Engine.ini]
[2020.08.06-20.27.12:275][  0]LogInit: Computer: AMDRYZEN
[2020.08.06-20.27.12:275][  0]LogInit: User: joshp
[2020.08.06-20.27.12:275][  0]LogInit: CPU Page size=4096, Cores=12
[2020.08.06-20.27.12:275][  0]LogInit: High frequency timer resolution =10.000000 MHz
[2020.08.06-20.27.12:275][  0]LogMemory: Memory total: Physical=63.9GB (64GB approx)
[2020.08.06-20.27.12:275][  0]LogMemory: Platform Memory Stats for Windows
[2020.08.06-20.27.12:275][  0]LogMemory: Process Physical Memory: 124.39 MB used, 124.39 MB peak
[2020.08.06-20.27.12:275][  0]LogMemory: Process Virtual Memory: 106.75 MB used, 106.75 MB peak
[2020.08.06-20.27.12:275][  0]LogMemory: Physical Memory: 12331.70 MB used,  53152.61 MB free, 65484.31 MB total
[2020.08.06-20.27.12:275][  0]LogMemory: Virtual Memory: 5281.90 MB used,  134212448.00 MB free, 134217728.00 MB total
[2020.08.06-20.27.12:279][  0]LogWindows: WindowsPlatformFeatures enabled
[2020.08.06-20.27.12:302][  0]LogInit: Physics initialised using underlying interface: PhysX
[2020.08.06-20.27.12:303][  0]LogInit: Using OS detected language (en-US).
[2020.08.06-20.27.12:303][  0]LogInit: Using OS detected locale (en-US).
[2020.08.06-20.27.12:305][  0]LogTextLocalizationManager: No specific localization for 'en-US' exists, so the 'en' localization will be used.
[2020.08.06-20.27.12:448][  0]LogInit: Setting process to per monitor DPI aware
[2020.08.06-20.27.12:483][  0]LogSlate: New Slate User Created.  User Index 0, Is Virtual User: 0
[2020.08.06-20.27.12:483][  0]LogSlate: Slate User Registered.  User Index 0, Is Virtual User: 0
[2020.08.06-20.27.12:664][  0]LogD3D11RHI: D3D11 min allowed feature level: 11_0
[2020.08.06-20.27.12:664][  0]LogD3D11RHI: D3D11 max allowed feature level: 11_0
[2020.08.06-20.27.12:664][  0]LogD3D11RHI: D3D11 adapters:
[2020.08.06-20.27.12:727][  0]LogD3D11RHI:    0. 'NVIDIA GeForce RTX 2080 Ti' (Feature Level 11_0)
[2020.08.06-20.27.12:727][  0]LogD3D11RHI:       11048/0/32742 MB DedicatedVideo/DedicatedSystem/SharedSystem, Outputs:3, VendorId:0x10de
[2020.08.06-20.27.12:728][  0]LogD3D11RHI:    1. 'Microsoft Basic Render Driver' (Feature Level 11_0)
[2020.08.06-20.27.12:728][  0]LogD3D11RHI:       0/0/32742 MB DedicatedVideo/DedicatedSystem/SharedSystem, Outputs:0, VendorId:0x1414
[2020.08.06-20.27.12:728][  0]LogD3D11RHI: Chosen D3D11 Adapter: 0
[2020.08.06-20.27.12:736][  0]LogD3D11RHI: Creating new Direct3DDevice
[2020.08.06-20.27.12:736][  0]LogD3D11RHI:     GPU DeviceId: 0x1e07 (for the marketing name, search the web for "GPU Device Id")
[2020.08.06-20.27.12:736][  0]LogWindows: EnumDisplayDevices:
[2020.08.06-20.27.12:736][  0]LogWindows:    0. 'NVIDIA GeForce RTX 2080 Ti' (P:0 D:1)
[2020.08.06-20.27.12:736][  0]LogWindows:    1. 'NVIDIA GeForce RTX 2080 Ti' (P:1 D:1)
[2020.08.06-20.27.12:736][  0]LogWindows:    2. 'NVIDIA GeForce RTX 2080 Ti' (P:0 D:1)
[2020.08.06-20.27.12:737][  0]LogWindows:    3. 'NVIDIA GeForce RTX 2080 Ti' (P:0 D:0)
[2020.08.06-20.27.12:737][  0]LogWindows: DebugString: FoundDriverCount:4 
[2020.08.06-20.27.12:737][  0]LogD3D11RHI:     Adapter Name: NVIDIA GeForce RTX 2080 Ti
[2020.08.06-20.27.12:737][  0]LogD3D11RHI:   Driver Version: 442.92 (internal:26.21.14.4292, unified:442.92)
[2020.08.06-20.27.12:737][  0]LogD3D11RHI:      Driver Date: 4-7-2020
[2020.08.06-20.27.12:737][  0]LogRHI: Texture pool is 7733 MB (70% of 11048 MB)
[2020.08.06-20.27.12:782][  0]LogD3D11RHI: RHI has support for 64 bit atomics
[2020.08.06-20.27.12:783][  0]LogD3D11RHI: [Aftermath] Enabled and primed
[2020.08.06-20.27.12:783][  0]LogD3D11RHI: Async texture creation enabled
[2020.08.06-20.27.12:783][  0]LogD3D11RHI: Array index from any shader is supported
[2020.08.06-20.27.12:785][  0]LogD3D11RHI: HDR output is supported on display 0 (NvId: 0x80061082).
[2020.08.06-20.27.12:802][  0]LogD3D11RHI: GPU Timing Frequency: 1000.000000 (Debug: 2 2)
[2020.08.06-20.27.12:987][  0]LogTargetPlatformManager: Display: Loaded TargetPlatform 'AllDesktop'
[2020.08.06-20.27.13:005][  0]LogTargetPlatformManager: Display: Loaded TargetPlatform 'Android'
[2020.08.06-20.27.13:005][  0]LogTargetPlatformManager: Display: Loaded TargetPlatform 'Android_ASTC'
[2020.08.06-20.27.13:005][  0]LogTargetPlatformManager: Display: Loaded TargetPlatform 'Android_DXT'
[2020.08.06-20.27.13:005][  0]LogTargetPlatformManager: Display: Loaded TargetPlatform 'Android_ETC2'
[2020.08.06-20.27.13:005][  0]LogTargetPlatformManager: Display: Loaded TargetPlatform 'AndroidClient'
[2020.08.06-20.27.13:005][  0]LogTargetPlatformManager: Display: Loaded TargetPlatform 'Android_ASTCClient'
[2020.08.06-20.27.13:005][  0]LogTargetPlatformManager: Display: Loaded TargetPlatform 'Android_DXTClient'
[2020.08.06-20.27.13:005][  0]LogTargetPlatformManager: Display: Loaded TargetPlatform 'Android_ETC2Client'
[2020.08.06-20.27.13:005][  0]LogTargetPlatformManager: Display: Loaded TargetPlatform 'Android_Multi'
[2020.08.06-20.27.13:005][  0]LogTargetPlatformManager: Display: Loaded TargetPlatform 'Android_MultiClient'
[2020.08.06-20.27.13:024][  0]LogTargetPlatformManager: Display: Loaded TargetPlatform 'IOSClient'
[2020.08.06-20.27.13:024][  0]LogTargetPlatformManager: Display: Loaded TargetPlatform 'IOS'
[2020.08.06-20.27.13:032][  0]LogTargetPlatformManager: Display: Loaded TargetPlatform 'Linux'
[2020.08.06-20.27.13:039][  0]LogTargetPlatformManager: Display: Loaded TargetPlatform 'LinuxNoEditor'
[2020.08.06-20.27.13:047][  0]LogTargetPlatformManager: Display: Loaded TargetPlatform 'LinuxClient'
[2020.08.06-20.27.13:054][  0]LogTargetPlatformManager: Display: Loaded TargetPlatform 'LinuxServer'
[2020.08.06-20.27.13:061][  0]LogTargetPlatformManager: Display: Loaded TargetPlatform 'LinuxAArch64NoEditor'
[2020.08.06-20.27.13:069][  0]LogTargetPlatformManager: Display: Loaded TargetPlatform 'LinuxAArch64Client'
[2020.08.06-20.27.13:076][  0]LogTargetPlatformManager: Display: Loaded TargetPlatform 'LinuxAArch64Server'
[2020.08.06-20.27.13:098][  0]LogTargetPlatformManager: Display: Loaded TargetPlatform 'Lumin'
[2020.08.06-20.27.13:098][  0]LogTargetPlatformManager: Display: Loaded TargetPlatform 'LuminClient'
[2020.08.06-20.27.13:111][  0]LogTargetPlatformManager: Display: Loaded TargetPlatform 'TVOSClient'
[2020.08.06-20.27.13:111][  0]LogTargetPlatformManager: Display: Loaded TargetPlatform 'TVOS'
[2020.08.06-20.27.13:119][  0]LogTargetPlatformManager: Display: Loaded TargetPlatform 'WindowsNoEditor'
[2020.08.06-20.27.13:126][  0]LogTargetPlatformManager: Display: Loaded TargetPlatform 'Windows'
[2020.08.06-20.27.13:134][  0]LogTargetPlatformManager: Display: Loaded TargetPlatform 'WindowsClient'
[2020.08.06-20.27.13:141][  0]LogTargetPlatformManager: Display: Loaded TargetPlatform 'WindowsServer'
[2020.08.06-20.27.13:141][  0]LogTargetPlatformManager: Display: Building Assets For Windows
[2020.08.06-20.27.13:147][  0]LogAudioDebug: Display: Lib vorbis DLL was dynamically loaded.
[2020.08.06-20.27.13:192][  0]LogShaderCompilers: Guid format shader working directory is -17 characters bigger than the processId version (D:/Unreal Projects/ViveTracker_Gamepad_Template/Camera_Control/Intermediate/Shaders/WorkingDirectory/27588/).
[2020.08.06-20.27.13:192][  0]LogShaderCompilers: Cleaned the shader compiler working directory 'C:/Users/joshp/AppData/Local/Temp/UnrealShaderWorkingDir/DF224EF54D3C1236071079B18432BAE4/'.
[2020.08.06-20.27.13:192][  0]LogXGEController: Cannot use XGE Controller as Incredibuild is not installed on this machine.
[2020.08.06-20.27.13:192][  0]LogShaderCompilers: Cannot use XGE Shader Compiler as Incredibuild is not installed on this machine.
[2020.08.06-20.27.13:192][  0]LogShaderCompilers: Display: Using Local Shader Compiler.
[2020.08.06-20.27.13:838][  0]LogDerivedDataCache: Display: Max Cache Size: 512 MB
[2020.08.06-20.27.13:873][  0]LogDerivedDataCache: Loaded boot cache 0.03s 79MB C:/Users/joshp/AppData/Local/UnrealEngine/4.25/DerivedDataCache/Boot.ddc.
[2020.08.06-20.27.13:873][  0]LogDerivedDataCache: Display: Loaded Boot cache: C:/Users/joshp/AppData/Local/UnrealEngine/4.25/DerivedDataCache/Boot.ddc
[2020.08.06-20.27.13:873][  0]LogDerivedDataCache: FDerivedDataBackendGraph:  Pak pak cache file D:/Unreal Projects/ViveTracker_Gamepad_Template/Camera_Control/DerivedDataCache/DDC.ddp not found, will not use a pak cache.
[2020.08.06-20.27.13:873][  0]LogDerivedDataCache: Unable to find inner node Pak for hierarchical cache Hierarchy.
[2020.08.06-20.27.13:873][  0]LogDerivedDataCache: FDerivedDataBackendGraph:  CompressedPak pak cache file D:/Unreal Projects/ViveTracker_Gamepad_Template/Camera_Control/DerivedDataCache/Compressed.ddp not found, will not use a pak cache.
[2020.08.06-20.27.13:873][  0]LogDerivedDataCache: Unable to find inner node CompressedPak for hierarchical cache Hierarchy.
[2020.08.06-20.27.13:883][  0]LogDerivedDataCache: Display: Pak cache opened for reading ../../../Engine/DerivedDataCache/Compressed.ddp.
[2020.08.06-20.27.13:883][  0]LogDerivedDataCache: FDerivedDataBackendGraph:  EnterprisePak pak cache file ../../../Enterprise/DerivedDataCache/Compressed.ddp not found, will not use a pak cache.
[2020.08.06-20.27.13:883][  0]LogDerivedDataCache: Unable to find inner node EnterprisePak for hierarchical cache Hierarchy.
[2020.08.06-20.27.13:884][  0]LogDerivedDataCache: Using Local data cache path C:/Users/joshp/AppData/Local/UnrealEngine/Common/DerivedDataCache: Writable
[2020.08.06-20.27.13:884][  0]LogDerivedDataCache: Shared data cache path not found in *engine.ini, will not use an Shared cache.
[2020.08.06-20.27.13:884][  0]LogDerivedDataCache: Unable to find inner node Shared for hierarchical cache Hierarchy.
[2020.08.06-20.27.13:925][  0]LogSlate: Using FreeType 2.10.0
[2020.08.06-20.27.13:925][  0]LogSlate: SlateFontServices - WITH_FREETYPE: 1, WITH_HARFBUZZ: 1
[2020.08.06-20.27.13:942][  0]LogAssetRegistry: FAssetRegistry took 0.0022 seconds to start up
[2020.08.06-20.27.14:132][  0]LogInit: Selected Device Profile: [Windows]
[2020.08.06-20.27.14:217][  0]LogMeshReduction: Using QuadricMeshReduction for automatic static mesh reduction
[2020.08.06-20.27.14:217][  0]LogMeshReduction: Using SimplygonMeshReduction for automatic skeletal mesh reduction
[2020.08.06-20.27.14:217][  0]LogMeshReduction: Using ProxyLODMeshReduction for automatic mesh merging
[2020.08.06-20.27.14:217][  0]LogMeshReduction: No distributed automatic mesh merging module available
[2020.08.06-20.27.14:217][  0]LogMeshMerging: No distributed automatic mesh merging module available
[2020.08.06-20.27.14:234][  0]LogNetVersion: ViveTracker_Gamepad_Template 1.0.0, NetCL: 13144385, EngineNetVer: 14, GameNetVer: 0 (Checksum: 3223830014)
[2020.08.06-20.27.14:538][  0]LogAISub: UAISubsystem::UAISubsystem AISubsystem (00000241DC03C2C0), frame # 0
[2020.08.06-20.27.14:538][  0]LogAISub: UAISubsystem::UAISubsystem AIPerceptionSystem (00000241DBF82AC0), frame # 0
[2020.08.06-20.27.14:539][  0]LogAISub: UAISubsystem::UAISubsystem EnvQueryManager (00000241DBFF8800), frame # 0
[2020.08.06-20.27.14:585][  0]LogPackageLocalizationCache: Processed 32 localized package path(s) for 1 prioritized culture(s) in 0.041308 seconds
[2020.08.06-20.27.14:589][  0]LogUObjectArray: 15995 objects as part of root set at end of initial load.
[2020.08.06-20.27.14:589][  0]LogUObjectAllocator: 3986080 out of 0 bytes used by permanent object pool.
[2020.08.06-20.27.14:589][  0]LogUObjectArray: CloseDisregardForGC: 0/0 objects in disregard for GC pool
[2020.08.06-20.27.14:783][  0]LogPython: Using Python 2.7.14
[2020.08.06-20.27.15:494][  0]LogTcpMessaging: Initializing TcpMessaging bridge
[2020.08.06-20.27.15:497][  0]LogUdpMessaging: Initializing bridge on interface 0.0.0.0:0 to multicast group 230.0.0.1:6666.
[2020.08.06-20.27.15:758][  0]SourceControl: Source control is disabled
[2020.08.06-20.27.15:758][  0]SourceControl: Source control is disabled
[2020.08.06-20.27.15:760][  0]SourceControl: Source control is disabled
[2020.08.06-20.27.15:762][  0]SourceControl: Source control is disabled
[2020.08.06-20.27.15:766][  0]SourceControl: Source control is disabled
[2020.08.06-20.27.16:045][  0]LogAndroidPermission: UAndroidPermissionCallbackProxy::GetInstance
[2020.08.06-20.27.16:067][  0]LogAudioCaptureCore: Display: No Audio Capture implementations found. Audio input will be silent.
[2020.08.06-20.27.16:067][  0]LogAudioCaptureCore: Display: No Audio Capture implementations found. Audio input will be silent.
[2020.08.06-20.27.16:106][  0]LogHoudiniEngine: Starting the Houdini Engine module.
[2020.08.06-20.27.16:107][  0]LogHoudiniEngine: Loaded libHAPIL.dll from Registry path C:/Program Files/Side Effects Software/Houdini 18.0.499/bin
[2020.08.06-20.27.16:107][  0]LogLinker: Warning: Asset '../../Plugins/Runtime/HoudiniEngine/Content/houdini_logo.uasset' has been saved with empty engine version. The asset will be loaded but may be incompatible.
[2020.08.06-20.27.16:108][  0]LogLinker: Warning: Asset '../../Plugins/Runtime/HoudiniEngine/Content/houdini_default_material.uasset' has been saved with empty engine version. The asset will be loaded but may be incompatible.
[2020.08.06-20.27.16:110][  0]LogLinker: Warning: Asset '../../Plugins/Runtime/HoudiniEngine/Content/houdini_bgeo_import.uasset' has been saved with empty engine version. The asset will be loaded but may be incompatible.
[2020.08.06-20.27.16:141][  0]LogOcInput: OculusInput pre-init called
[2020.08.06-20.27.16:607][  0]LogEngine: Initializing Engine...
[2020.08.06-20.27.16:608][  0]LogHMD: SteamVR initialized.  Driver: null  Display: Null Serial Number
[2020.08.06-20.27.16:609][  0]LogStats: UGameplayTagsManager::InitializeManager -  0.000 s
[2020.08.06-20.27.16:693][  0]LogInit: Initializing FReadOnlyCVARCache
[2020.08.06-20.27.16:701][  0]LogAIModule: Creating AISystem for world Untitled
[2020.08.06-20.27.16:701][  0]LogAISub: UAISubsystem::UAISubsystem EnvQueryManager (00000241EF4DFC00), frame # 0
[2020.08.06-20.27.16:701][  0]LogAISub: UAISubsystem::UAISubsystem AIPerceptionSystem (00000241EF54CE00), frame # 0
[2020.08.06-20.27.16:708][  0]LogAudioMixer: Display: Audio Mixer Platform Settings:
[2020.08.06-20.27.16:708][  0]LogAudioMixer: Display: 	Sample Rate:						  48000
[2020.08.06-20.27.16:708][  0]LogAudioMixer: Display: 	Callback Buffer Frame Size Requested: 1024
[2020.08.06-20.27.16:708][  0]LogAudioMixer: Display: 	Callback Buffer Frame Size To Use:	  1024
[2020.08.06-20.27.16:708][  0]LogAudioMixer: Display: 	Number of buffers to queue:			  2
[2020.08.06-20.27.16:708][  0]LogAudioMixer: Display: 	Max Channels (voices):				  32
[2020.08.06-20.27.16:708][  0]LogAudioMixer: Display: 	Number of Async Source Workers:		  0
[2020.08.06-20.27.16:708][  0]LogAudio: Display: AudioDevice MaxSources: 32
[2020.08.06-20.27.16:708][  0]LogAudio: Display: Using built-in audio occlusion.
[2020.08.06-20.27.16:708][  0]LogAudioMixer: Display: Initializing audio mixer.
[2020.08.06-20.27.16:717][  0]LogAudioMixer: Display: 0: FrontLeft
[2020.08.06-20.27.16:717][  0]LogAudioMixer: Display: 1: FrontRight
[2020.08.06-20.27.16:756][  0]LogAudioMixer: Display: Using Audio Device Speakers (Realtek(R) Audio)
[2020.08.06-20.27.16:759][  0]LogAudioMixer: Display: Initializing Sound Submixes...
[2020.08.06-20.27.16:761][  0]LogAudioMixer: Display: Creating Master Submix 'MasterSubmixDefault'
[2020.08.06-20.27.16:761][  0]LogAudioMixer: Display: Creating Master Submix 'MasterReverbSubmixDefault'
[2020.08.06-20.27.16:761][  0]LogAudioMixer: Display: Creating Master Submix 'MasterEQSubmixDefault'
[2020.08.06-20.27.16:762][  0]LogInit: FAudioDevice initialized.
[2020.08.06-20.27.16:763][  0]LogNetVersion: Set ProjectVersion to 1.0.0.0. Version Checksum will be recalculated on next use.
[2020.08.06-20.27.16:839][  0]LogDerivedDataCache: Saved boot cache 0.08s 79MB C:/Users/joshp/AppData/Local/UnrealEngine/4.25/DerivedDataCache/Boot.ddc.
[2020.08.06-20.27.16:845][  0]LogInit: Texture streaming: Enabled
[2020.08.06-20.27.16:857][  0]LogEngineSessionManager: EngineSessionManager initialized
[2020.08.06-20.27.16:857][  0]LogEditorSessionSummary: Verbose: Initializing EditorSessionSummaryWriter for editor session tracking
[2020.08.06-20.27.16:858][  0]LogEditorSessionSummary: EditorSessionSummaryWriter initialized
[2020.08.06-20.27.16:906][  0]LogInit: Transaction tracking system initialized
[2020.08.06-20.27.16:921][  0]BlueprintLog: New page: Editor Load
[2020.08.06-20.27.16:971][  0]LocalizationService: Localization service is disabled
[2020.08.06-20.27.17:093][  0]LogCook: Display: Max memory allowance for cook 16384mb min free memory 0mb
[2020.08.06-20.27.17:093][  0]LogCook: Display: Mobile HDR setting 1
[2020.08.06-20.27.17:136][  0]LogFileCache: Scanning file cache for directory 'D:/Unreal Projects/ViveTracker_Gamepad_Template/Camera_Control/Content/' took 0.00s
[2020.08.06-20.27.17:136][  0]LogVPUtilitiesEditor: VP Scouting subsystem initialized.
[2020.08.06-20.27.17:403][  0]LogHoudiniEngineEditor: Starting the Houdini Engine Editor module.
[2020.08.06-20.27.17:403][  0]LogHoudiniEngineEditor: Houdini Engine Editor module startup complete.
[2020.08.06-20.27.17:735][  0]LogUObjectGlobals: BeginLoad(/Engine/EditorLandscapeResources/DefaultAlphaTexture) is flushing async loading
[2020.08.06-20.27.17:735][  0]LogStreaming: Display: Flushing async loaders.
[2020.08.06-20.27.21:417][  0]SourceControl: Source control is disabled
[2020.08.06-20.27.21:417][  0]LogUnrealEdMisc: Loading editor; pre map load, took 10.927
[2020.08.06-20.27.21:417][  0]Cmd: MAP LOAD FILE="D:/Unreal Projects/ViveTracker_Gamepad_Template/Camera_Control/Content/Maps/Controller_Example_Map.umap" TEMPLATE=0 SHOWPROGRESS=1 FEATURELEVEL=3
[2020.08.06-20.27.21:417][  0]LightingResults: New page: Lighting Build
[2020.08.06-20.27.21:419][  0]LogWorld: UWorld::CleanupWorld for Untitled, bSessionEnded=true, bCleanupResources=true
[2020.08.06-20.27.21:419][  0]LogSlate: InvalidateAllWidgets triggered.  All widgets were invalidated
[2020.08.06-20.27.21:419][  0]MapCheck: New page: Map Check
[2020.08.06-20.27.21:419][  0]LightingResults: New page: Lighting Build
[2020.08.06-20.27.21:444][  0]LogAISub: UAISubsystem::~UAISubsystem EnvQueryManager (00000241EF4DFC00), frame # 0
[2020.08.06-20.27.21:444][  0]LogAISub: UAISubsystem::~UAISubsystem AIPerceptionSystem (00000241EF54CE00), frame # 0
[2020.08.06-20.27.21:451][  0]LogUObjectHash: Compacting FUObjectHashTables data took   1.91ms
[2020.08.06-20.27.21:724][  0]LogAIModule: Creating AISystem for world Controller_Example_Map
[2020.08.06-20.27.21:724][  0]LogAISub: UAISubsystem::UAISubsystem EnvQueryManager (000002418039D800), frame # 0
[2020.08.06-20.27.21:724][  0]LogAISub: UAISubsystem::UAISubsystem AIPerceptionSystem (00000241822F4180), frame # 0
[2020.08.06-20.27.21:729][  0]LogEditorServer: Finished looking for orphan Actors (0.000 secs)
[2020.08.06-20.27.21:745][  0]LogUObjectHash: Compacting FUObjectHashTables data took   1.18ms
[2020.08.06-20.27.21:746][  0]Cmd: MAP CHECKDEP NOCLEARLOG
[2020.08.06-20.27.21:746][  0]MapCheck: Map check complete: 0 Error(s), 0 Warning(s), took 0.1ms to complete.
[2020.08.06-20.27.21:746][  0]LogFileHelpers: Loading map 'Controller_Example_Map' took 0.329
[2020.08.06-20.27.21:748][  0]LogUnrealEdMisc: Total Editor Startup Time, took 11.258
[2020.08.06-20.27.21:900][  0]LogSlate: Updating window title bar state: overlay mode, drag disabled, window buttons hidden, title bar hidden
[2020.08.06-20.27.21:905][  0]LogSlate: Updating window title bar state: overlay mode, drag disabled, window buttons hidden, title bar hidden
[2020.08.06-20.27.21:910][  0]LogSlate: Updating window title bar state: overlay mode, drag disabled, window buttons hidden, title bar hidden
[2020.08.06-20.27.21:915][  0]LogSlate: Updating window title bar state: overlay mode, drag disabled, window buttons hidden, title bar hidden
[2020.08.06-20.27.21:923][  0]LogCollectionManager: Loaded 0 collections in 0.001413 seconds
[2020.08.06-20.27.21:935][  0]LogFileCache: Scanning file cache for directory 'D:/Unreal Projects/ViveTracker_Gamepad_Template/Camera_Control/Saved/Collections/' took 0.00s
[2020.08.06-20.27.21:935][  0]LogFileCache: Scanning file cache for directory 'D:/Unreal Projects/ViveTracker_Gamepad_Template/Camera_Control/Content/Developers/joshp/Collections/' took 0.00s
[2020.08.06-20.27.21:935][  0]LogFileCache: Scanning file cache for directory 'D:/Unreal Projects/ViveTracker_Gamepad_Template/Camera_Control/Content/Collections/' took 0.00s
[2020.08.06-20.27.21:935][  0]LogContentBrowser: Native class hierarchy populated in 0.0083 seconds. Added 3659 classes and 926 folders.
[2020.08.06-20.27.21:937][  0]LogContentBrowser: Native class hierarchy updated for 'WidgetCarousel' in 0.0002 seconds. Added 0 classes and 0 folders.
[2020.08.06-20.27.22:129][  0]LogContentBrowser: Native class hierarchy updated for 'AddContentDialog' in 0.0002 seconds. Added 0 classes and 0 folders.
[2020.08.06-20.27.22:130][  0]LogContentBrowser: Native class hierarchy updated for 'SceneOutliner' in 0.0001 seconds. Added 2 classes and 0 folders.
[2020.08.06-20.27.22:219][  0]LogSlate: Took 0.000107 seconds to synchronously load lazily loaded font '../../../Engine/Content/Slate/Fonts/Roboto-Regular.ttf' (155K)
[2020.08.06-20.27.22:221][  0]LogSlate: Took 0.000086 seconds to synchronously load lazily loaded font '../../../Engine/Content/Slate/Fonts/Roboto-Bold.ttf' (160K)
[2020.08.06-20.27.22:229][  0]LogSlate: Took 0.004670 seconds to synchronously load lazily loaded font '../../../Engine/Content/Editor/Slate/Fonts/FontAwesome.ttf' (139K)
[2020.08.06-20.27.22:314][  0]LogRenderer: Reallocating scene render targets to support 1940x996 Format 10 NumSamples 1 (Frame:1).
[2020.08.06-20.27.22:391][  0]LogContentBrowser: Native class hierarchy updated for 'HierarchicalLODOutliner' in 0.0002 seconds. Added 0 classes and 0 folders.
[2020.08.06-20.27.22:391][  0]LogLoad: (Engine Initialization) Total time: 11.90 seconds
[2020.08.06-20.27.22:391][  0]LogLoad: (Engine Initialization) Total Blueprint compile time: 0.00 seconds
[2020.08.06-20.27.22:401][  0]LogSteamVRInputDevice: Display: SteamVR runtime 1.5.17 loaded.
[2020.08.06-20.27.22:401][  0]LogSteamVRInputDevice: Display: Action Manifest Path: D:/Unreal Projects/ViveTracker_Gamepad_Template/Camera_Control/Config/SteamVRBindings/steamvr_manifest.json
[2020.08.06-20.27.22:401][  0]LogSteamVRInputDevice: Display: Controller Bindings Path: D:/Unreal Projects/ViveTracker_Gamepad_Template/Camera_Control/Config/SteamVRBindings
[2020.08.06-20.27.22:401][  0]LogSteamVRInputDevice: Searching for Controller Bindings files at: D:/Unreal Projects/ViveTracker_Gamepad_Template/Camera_Control/Config/SteamVRBindings
[2020.08.06-20.27.22:406][  0]LogSteamVRInputDevice: Display: [STEAMVR INPUT] Registering Application Manifest D:/Unreal Projects/ViveTracker_Gamepad_Template/Camera_Control/Config/steamvr_ue_editor_app.json : VRApplicationError_None
[2020.08.06-20.27.22:407][  0]LogSteamVRInputDevice: Display: [STEAMVR INPUT] Editor Application [27588][application.generated.ue.vivetracker_gamepad_template-13908680.ue4editor.exe] identified to SteamVR: VRApplicationError_None
[2020.08.06-20.27.22:407][  0]LogSteamVRInputDevice: Display: [STEAMVR INPUT] Trying to load Action Manifest from: D:/Unreal Projects/ViveTracker_Gamepad_Template/Camera_Control/Config/SteamVRBindings/steamvr_manifest.json
[2020.08.06-20.27.22:407][  0]LogSteamVRInputDevice: Display: [STEAMVR INPUT] Setting Action Manifest Path Result: Success
[2020.08.06-20.27.22:407][  0]LogSteamVRInputDevice: Display: [STEAMVR INPUT] Setting main action set: Success
[2020.08.06-20.27.22:407][  0]LogSteamVRInputDevice: Display: Retrieving Action Handle: /actions/main/in/controllerleft
[2020.08.06-20.27.22:407][  0]LogSteamVRInputDevice: Display: [STEAMVR INPUT] Setting Action Handle Path Result: Success
[2020.08.06-20.27.22:407][  0]LogSteamVRInputDevice: Display: Retrieving Action Handle: /actions/main/in/controllerright
[2020.08.06-20.27.22:407][  0]LogSteamVRInputDevice: Display: [STEAMVR INPUT] Setting Action Handle Path Result: Success
[2020.08.06-20.27.22:407][  0]LogSteamVRInputDevice: Display: Retrieving Action Handle: /actions/main/in/special1
[2020.08.06-20.27.22:407][  0]LogSteamVRInputDevice: Display: [STEAMVR INPUT] Setting Action Handle Path Result: Success
[2020.08.06-20.27.22:408][  0]LogSteamVRInputDevice: Display: Retrieving Action Handle: /actions/main/in/special2
[2020.08.06-20.27.22:408][  0]LogSteamVRInputDevice: Display: [STEAMVR INPUT] Setting Action Handle Path Result: Success
[2020.08.06-20.27.22:408][  0]LogSteamVRInputDevice: Display: Retrieving Action Handle: /actions/main/in/special3
[2020.08.06-20.27.22:408][  0]LogSteamVRInputDevice: Display: [STEAMVR INPUT] Setting Action Handle Path Result: Success
[2020.08.06-20.27.22:408][  0]LogSteamVRInputDevice: Display: Retrieving Action Handle: /actions/main/in/special4
[2020.08.06-20.27.22:408][  0]LogSteamVRInputDevice: Display: [STEAMVR INPUT] Setting Action Handle Path Result: Success
[2020.08.06-20.27.22:408][  0]LogSteamVRInputDevice: Display: Retrieving Action Handle: /actions/main/in/special5
[2020.08.06-20.27.22:408][  0]LogSteamVRInputDevice: Display: [STEAMVR INPUT] Setting Action Handle Path Result: Success
[2020.08.06-20.27.22:408][  0]LogSteamVRInputDevice: Display: Retrieving Action Handle: /actions/main/in/special6
[2020.08.06-20.27.22:408][  0]LogSteamVRInputDevice: Display: [STEAMVR INPUT] Setting Action Handle Path Result: Success
[2020.08.06-20.27.22:408][  0]LogSteamVRInputDevice: Display: Retrieving Action Handle: /actions/main/in/special7
[2020.08.06-20.27.22:408][  0]LogSteamVRInputDevice: Display: [STEAMVR INPUT] Setting Action Handle Path Result: Success
[2020.08.06-20.27.22:408][  0]LogSteamVRInputDevice: Display: Retrieving Action Handle: /actions/main/in/special8
[2020.08.06-20.27.22:408][  0]LogSteamVRInputDevice: Display: [STEAMVR INPUT] Setting Action Handle Path Result: Success
[2020.08.06-20.27.22:408][  0]LogSteamVRInputDevice: Display: Retrieving Action Handle: /actions/main/in/skeletonleft
[2020.08.06-20.27.22:408][  0]LogSteamVRInputDevice: Display: [STEAMVR INPUT] Setting Action Handle Path Result: Success
[2020.08.06-20.27.22:408][  0]LogSteamVRInputDevice: Display: Retrieving Action Handle: /actions/main/in/skeletonright
[2020.08.06-20.27.22:408][  0]LogSteamVRInputDevice: Display: [STEAMVR INPUT] Setting Action Handle Path Result: Success
[2020.08.06-20.27.22:408][  0]LogSteamVRInputDevice: Display: Retrieving Action Handle: /actions/main/out/vibrateleft
[2020.08.06-20.27.22:408][  0]LogSteamVRInputDevice: Display: [STEAMVR INPUT] Setting Action Handle Path Result: Success
[2020.08.06-20.27.22:408][  0]LogSteamVRInputDevice: Display: Retrieving Action Handle: /actions/main/out/vibrateright
[2020.08.06-20.27.22:408][  0]LogSteamVRInputDevice: Display: [STEAMVR INPUT] Setting Action Handle Path Result: Success
[2020.08.06-20.27.22:408][  0]LogSteamVRInputDevice: Display: Retrieving Action Handle: /actions/main/in/open_console
[2020.08.06-20.27.22:408][  0]LogSteamVRInputDevice: Display: [STEAMVR INPUT] Setting Action Handle Path Result: Success
[2020.08.06-20.27.22:408][  0]LogSteamVRInputDevice: Display: Action Manifest Path: D:/Unreal Projects/ViveTracker_Gamepad_Template/Camera_Control/Config/SteamVRBindings/steamvr_manifest.json
[2020.08.06-20.27.22:408][  0]LogSteamVRInputDevice: Display: Controller Bindings Path: D:/Unreal Projects/ViveTracker_Gamepad_Template/Camera_Control/Config/SteamVRBindings
[2020.08.06-20.27.22:409][  0]LogSteamVRInputDevice: Searching for Controller Bindings files at: D:/Unreal Projects/ViveTracker_Gamepad_Template/Camera_Control/Config/SteamVRBindings
[2020.08.06-20.27.22:411][  0]LogSteamVRInputDevice: Display: [STEAMVR INPUT] Registering Application Manifest D:/Unreal Projects/ViveTracker_Gamepad_Template/Camera_Control/Config/steamvr_ue_editor_app.json : VRApplicationError_None
[2020.08.06-20.27.22:411][  0]LogSteamVRInputDevice: Display: [STEAMVR INPUT] Editor Application [27588][application.generated.ue.vivetracker_gamepad_template-13908680.ue4editor.exe] identified to SteamVR: VRApplicationError_None
[2020.08.06-20.27.22:411][  0]LogSteamVRInputDevice: Display: [STEAMVR INPUT] Trying to load Action Manifest from: D:/Unreal Projects/ViveTracker_Gamepad_Template/Camera_Control/Config/SteamVRBindings/steamvr_manifest.json
[2020.08.06-20.27.22:412][  0]LogSteamVRInputDevice: Display: [STEAMVR INPUT] Setting Action Manifest Path Result: Success
[2020.08.06-20.27.22:412][  0]LogSteamVRInputDevice: Display: [STEAMVR INPUT] Setting main action set: Success
[2020.08.06-20.27.22:412][  0]LogSteamVRInputDevice: Display: Retrieving Action Handle: /actions/main/in/controllerleft
[2020.08.06-20.27.22:412][  0]LogSteamVRInputDevice: Display: [STEAMVR INPUT] Setting Action Handle Path Result: Success
[2020.08.06-20.27.22:412][  0]LogSteamVRInputDevice: Display: Retrieving Action Handle: /actions/main/in/controllerright
[2020.08.06-20.27.22:412][  0]LogSteamVRInputDevice: Display: [STEAMVR INPUT] Setting Action Handle Path Result: Success
[2020.08.06-20.27.22:412][  0]LogSteamVRInputDevice: Display: Retrieving Action Handle: /actions/main/in/special1
[2020.08.06-20.27.22:412][  0]LogSteamVRInputDevice: Display: [STEAMVR INPUT] Setting Action Handle Path Result: Success
[2020.08.06-20.27.22:412][  0]LogSteamVRInputDevice: Display: Retrieving Action Handle: /actions/main/in/special2
[2020.08.06-20.27.22:412][  0]LogSteamVRInputDevice: Display: [STEAMVR INPUT] Setting Action Handle Path Result: Success
[2020.08.06-20.27.22:412][  0]LogSteamVRInputDevice: Display: Retrieving Action Handle: /actions/main/in/special3
[2020.08.06-20.27.22:412][  0]LogSteamVRInputDevice: Display: [STEAMVR INPUT] Setting Action Handle Path Result: Success
[2020.08.06-20.27.22:412][  0]LogSteamVRInputDevice: Display: Retrieving Action Handle: /actions/main/in/special4
[2020.08.06-20.27.22:412][  0]LogSteamVRInputDevice: Display: [STEAMVR INPUT] Setting Action Handle Path Result: Success
[2020.08.06-20.27.22:412][  0]LogSteamVRInputDevice: Display: Retrieving Action Handle: /actions/main/in/special5
[2020.08.06-20.27.22:412][  0]LogSteamVRInputDevice: Display: [STEAMVR INPUT] Setting Action Handle Path Result: Success
[2020.08.06-20.27.22:412][  0]LogSteamVRInputDevice: Display: Retrieving Action Handle: /actions/main/in/special6
[2020.08.06-20.27.22:412][  0]LogSteamVRInputDevice: Display: [STEAMVR INPUT] Setting Action Handle Path Result: Success
[2020.08.06-20.27.22:412][  0]LogSteamVRInputDevice: Display: Retrieving Action Handle: /actions/main/in/special7
[2020.08.06-20.27.22:412][  0]LogSteamVRInputDevice: Display: [STEAMVR INPUT] Setting Action Handle Path Result: Success
[2020.08.06-20.27.22:412][  0]LogSteamVRInputDevice: Display: Retrieving Action Handle: /actions/main/in/special8
[2020.08.06-20.27.22:412][  0]LogSteamVRInputDevice: Display: [STEAMVR INPUT] Setting Action Handle Path Result: Success
[2020.08.06-20.27.22:412][  0]LogSteamVRInputDevice: Display: Retrieving Action Handle: /actions/main/in/skeletonleft
[2020.08.06-20.27.22:412][  0]LogSteamVRInputDevice: Display: [STEAMVR INPUT] Setting Action Handle Path Result: Success
[2020.08.06-20.27.22:412][  0]LogSteamVRInputDevice: Display: Retrieving Action Handle: /actions/main/in/skeletonright
[2020.08.06-20.27.22:412][  0]LogSteamVRInputDevice: Display: [STEAMVR INPUT] Setting Action Handle Path Result: Success
[2020.08.06-20.27.22:412][  0]LogSteamVRInputDevice: Display: Retrieving Action Handle: /actions/main/out/vibrateleft
[2020.08.06-20.27.22:412][  0]LogSteamVRInputDevice: Display: [STEAMVR INPUT] Setting Action Handle Path Result: Success
[2020.08.06-20.27.22:412][  0]LogSteamVRInputDevice: Display: Retrieving Action Handle: /actions/main/out/vibrateright
[2020.08.06-20.27.22:412][  0]LogSteamVRInputDevice: Display: [STEAMVR INPUT] Setting Action Handle Path Result: Success
[2020.08.06-20.27.22:412][  0]LogSteamVRInputDevice: Display: Retrieving Action Handle: /actions/main/in/open_console
[2020.08.06-20.27.22:412][  0]LogSteamVRInputDevice: Display: [STEAMVR INPUT] Setting Action Handle Path Result: Success
[2020.08.06-20.27.22:444][  0]LogAssetRegistry: Asset discovery search completed in 8.5018 seconds
[2020.08.06-20.27.22:447][  0]LogCollectionManager: Fixed up redirectors for 0 collections in 0.000002 seconds (updated 0 objects)
[2020.08.06-20.27.22:451][  0]LogContentStreaming: Texture pool size now 1000 MB
[2020.08.06-20.27.22:472][  0]LogSlate: Took 0.003788 seconds to synchronously load lazily loaded font '../../../Engine/Content/Slate/Fonts/Roboto-Light.ttf' (167K)
[2020.08.06-20.27.25:152][310]LogEditorViewport: Clicking on Actor (LMB): Camera-Controller-Rate_C (Camera-Controller-Rate)
[2020.08.06-20.27.28:911][749]LogSlate: Took 0.003778 seconds to synchronously load lazily loaded font '../../../Engine/Content/Slate/Fonts/Roboto-Italic.ttf' (157K)
[2020.08.06-20.27.54:812][676]LogAssetEditorSubsystem: Opening Asset editor for Blueprint /Game/ControllerBP/Camera-Controller-Rate.Camera-Controller-Rate
[2020.08.06-20.27.55:204][676]LogContentBrowser: Native class hierarchy updated for 'BlueprintGraph' in 0.0005 seconds. Added 125 classes and 0 folders.
[2020.08.06-20.27.56:008][676]LogSlate: Took 0.000139 seconds to synchronously load lazily loaded font '../../../Engine/Content/Slate/Fonts/Roboto-BoldCondensed.ttf' (158K)
[2020.08.06-20.28.01:521][206]LogSlate: Window 'Camera-Controller-Rate' being destroyed
[2020.08.06-20.28.01:525][206]LogSlate: Window 'Camera-Controller-Rate' being destroyed
[2020.08.06-20.28.01:526][206]LogWorld: UWorld::CleanupWorld for World_1, bSessionEnded=true, bCleanupResources=true
[2020.08.06-20.28.01:526][206]LogSlate: InvalidateAllWidgets triggered.  All widgets were invalidated
[2020.08.06-20.28.22:908][654]LogEditorViewport: Clicking on Actor (LMB): StaticMeshActor (Floor)
[2020.08.06-20.28.27:711][222]LogEditorViewport: Clicking on Actor (LMB): Camera-Controller-Rate_C (Camera-Controller-Rate)
[2020.08.06-20.40.52:466][188]LogTemp: Repeating last play command: Selected Viewport
[2020.08.06-20.40.52:481][188]LogPlayLevel: PlayLevel: No blueprints needed recompiling
[2020.08.06-20.40.52:481][188]PIE: New page: PIE session: Controller_Example_Map (Aug 6, 2020, 10:40:52 AM)
[2020.08.06-20.40.52:482][188]LogOnline: OSS: Creating online subsystem instance for: NULL
[2020.08.06-20.40.52:483][188]LogOnline: OSS: TryLoadSubsystemAndSetDefault: Loaded subsystem for module [NULL]
[2020.08.06-20.40.52:483][188]LogPlayLevel: Creating play world package: /Game/Maps/UEDPIE_0_Controller_Example_Map
[2020.08.06-20.40.52:485][188]LogPlayLevel: PIE: StaticDuplicateObject took: (0.001899s)
[2020.08.06-20.40.52:485][188]LogAIModule: Creating AISystem for world Controller_Example_Map
[2020.08.06-20.40.52:485][188]LogAISub: UAISubsystem::UAISubsystem EnvQueryManager (0000024255713E00), frame # 85188
[2020.08.06-20.40.52:485][188]LogAISub: UAISubsystem::UAISubsystem AIPerceptionSystem (0000024261237240), frame # 85188
[2020.08.06-20.40.52:485][188]LogPlayLevel: PIE: World Init took: (0.000830s)
[2020.08.06-20.40.52:485][188]LogPlayLevel: PIE: Created PIE world by copying editor world from /Game/Maps/Controller_Example_Map.Controller_Example_Map to /Game/Maps/UEDPIE_0_Controller_Example_Map.Controller_Example_Map (0.002812s)
[2020.08.06-20.40.52:511][188]LogUObjectHash: Compacting FUObjectHashTables data took   2.67ms
[2020.08.06-20.40.52:518][188]LogAudioMixer: Display: Audio Mixer Platform Settings:
[2020.08.06-20.40.52:518][188]LogAudioMixer: Display: 	Sample Rate:						  48000
[2020.08.06-20.40.52:518][188]LogAudioMixer: Display: 	Callback Buffer Frame Size Requested: 1024
[2020.08.06-20.40.52:518][188]LogAudioMixer: Display: 	Callback Buffer Frame Size To Use:	  1024
[2020.08.06-20.40.52:518][188]LogAudioMixer: Display: 	Number of buffers to queue:			  2
[2020.08.06-20.40.52:518][188]LogAudioMixer: Display: 	Max Channels (voices):				  32
[2020.08.06-20.40.52:518][188]LogAudioMixer: Display: 	Number of Async Source Workers:		  0
[2020.08.06-20.40.52:518][188]LogAudio: Display: AudioDevice MaxSources: 32
[2020.08.06-20.40.52:519][188]LogAudio: Display: Using built-in audio occlusion.
[2020.08.06-20.40.52:519][188]LogAudioMixer: Display: Initializing audio mixer.
[2020.08.06-20.40.52:522][188]LogAudioMixer: Display: 0: FrontLeft
[2020.08.06-20.40.52:522][188]LogAudioMixer: Display: 1: FrontRight
[2020.08.06-20.40.52:546][188]LogAudioMixer: Display: Using Audio Device Speakers (Realtek(R) Audio)
[2020.08.06-20.40.52:546][188]LogAudioMixer: Display: Initializing Sound Submixes...
[2020.08.06-20.40.52:546][188]LogAudioMixer: Display: Creating Master Submix 'MasterSubmixDefault'
[2020.08.06-20.40.52:546][188]LogAudioMixer: Display: Creating Master Submix 'MasterReverbSubmixDefault'
[2020.08.06-20.40.52:547][188]LogAudioMixer: Display: Creating Master Submix 'MasterEQSubmixDefault'
[2020.08.06-20.40.52:559][188]LogInit: FAudioDevice initialized.
[2020.08.06-20.40.52:566][188]LogLoad: Game class is 'GameModeBase'
[2020.08.06-20.40.52:567][188]LogWorld: Bringing World /Game/Maps/UEDPIE_0_Controller_Example_Map.Controller_Example_Map up for play (max tick rate 0) at 2020.08.06-15.40.52
[2020.08.06-20.40.52:567][188]LogWorld: Bringing up level for play took: 0.000848
[2020.08.06-20.40.52:568][188]LogOnline: OSS: Creating online subsystem instance for: :Context_4
[2020.08.06-20.40.52:570][188]LogContentBrowser: Native class hierarchy updated for 'MovieSceneCapture' in 0.0003 seconds. Added 20 classes and 0 folders.
[2020.08.06-20.40.52:570][188]LogBlueprintUserMessages: [Camera-Controller-Rate_2] Lense 12mm f/2.8
[2020.08.06-20.40.52:570][188]PIE: Server logged in
[2020.08.06-20.40.52:571][188]PIE: Play in editor total start time 0.091 seconds.
[2020.08.06-20.40.52:572][188]LogBackChannel: Listening on FBackChannelConnection Client Socket (localport: 2049)
[2020.08.06-20.40.52:572][188]LogRemoteSession: Started listening on port 2049
[2020.08.06-20.40.57:911][787]LogBackChannel: Closing connection FBackChannelConnection Client Socket
[2020.08.06-20.40.57:912][787]LogSlate: Updating window title bar state: overlay mode, drag disabled, window buttons hidden, title bar hidden
[2020.08.06-20.40.57:912][787]LogWorld: BeginTearingDown for /Game/Maps/UEDPIE_0_Controller_Example_Map
[2020.08.06-20.40.57:912][787]LogWorld: UWorld::CleanupWorld for Controller_Example_Map, bSessionEnded=true, bCleanupResources=true
[2020.08.06-20.40.57:912][787]LogSlate: InvalidateAllWidgets triggered.  All widgets were invalidated
[2020.08.06-20.40.57:921][787]LogPlayLevel: Display: Shutting down PIE online subsystems
[2020.08.06-20.40.57:925][787]LogSlate: InvalidateAllWidgets triggered.  All widgets were invalidated
[2020.08.06-20.40.57:991][787]LogSlate: Updating window title bar state: overlay mode, drag disabled, window buttons hidden, title bar hidden
[2020.08.06-20.40.58:024][787]LogAISub: UAISubsystem::~UAISubsystem EnvQueryManager (0000024255713E00), frame # 85787
[2020.08.06-20.40.58:024][787]LogAISub: UAISubsystem::~UAISubsystem AIPerceptionSystem (0000024261237240), frame # 85787
[2020.08.06-20.40.58:027][787]LogUObjectHash: Compacting FUObjectHashTables data took   3.30ms
[2020.08.06-20.40.58:069][788]LogPlayLevel: Display: Destroying online subsystem :Context_4
[2020.08.06-21.08.52:402][451]LogEditorViewport: Clicking on Actor (LMB): StaticMeshActor (SM_ColorCalibrator3)
[2020.08.06-21.08.53:322][556]Cmd: DELETE
[2020.08.06-21.08.53:323][556]Cmd: ACTOR DELETE
[2020.08.06-21.08.53:325][556]LogEditorActor: Deleted Actor: StaticMeshActor
[2020.08.06-21.08.53:369][556]LogUObjectHash: Compacting FUObjectHashTables data took   3.28ms
[2020.08.06-21.08.53:374][556]LogEditorActor: Deleted 1 Actors (0.051 secs)
[2020.08.06-21.08.54:927][741]LogEditorViewport: Clicking on Actor (LMB): StaticMeshActor (SM_ColorCalibrator2)
[2020.08.06-21.08.55:199][768]Cmd: DELETE
[2020.08.06-21.08.55:199][768]Cmd: ACTOR DELETE
[2020.08.06-21.08.55:201][768]LogEditorActor: Deleted Actor: StaticMeshActor
[2020.08.06-21.08.55:218][768]LogUObjectHash: Compacting FUObjectHashTables data took   0.55ms
[2020.08.06-21.08.55:220][768]LogEditorActor: Deleted 1 Actors (0.021 secs)
[2020.08.06-21.08.56:162][880]LogEditorViewport: Clicking on Actor (LMB): StaticMeshActor (SM_Light_Stand_02a)
[2020.08.06-21.08.56:592][927]Cmd: DELETE
[2020.08.06-21.08.56:592][927]Cmd: ACTOR DELETE
[2020.08.06-21.08.56:593][927]LogEditorActor: Deleted Actor: StaticMeshActor
[2020.08.06-21.08.56:609][927]LogUObjectHash: Compacting FUObjectHashTables data took   0.53ms
[2020.08.06-21.08.56:611][927]LogEditorActor: Deleted 1 Actors (0.018 secs)
[2020.08.06-21.08.58:451][148]LogEditorViewport: Clicking on Actor (LMB): SkeletalMeshActor (Megan)
[2020.08.06-21.08.59:271][241]Cmd: DELETE
[2020.08.06-21.08.59:271][241]Cmd: ACTOR DELETE
[2020.08.06-21.08.59:272][241]LogEditorActor: Deleted Actor: SkeletalMeshActor
[2020.08.06-21.08.59:288][241]LogUObjectHash: Compacting FUObjectHashTables data took   0.53ms
[2020.08.06-21.08.59:290][241]LogEditorActor: Deleted 1 Actors (0.019 secs)
[2020.08.06-21.10.04:090][927]LogUObjectHash: Compacting FUObjectHashTables data took   0.54ms
[2020.08.06-21.10.04:111][927]LogSavePackage: Moving 'D:/Unreal Projects/ViveTracker_Gamepad_Template/Camera_Control/Saved/Controller_Example_Map_Auto1CD3597E1448499ACA767C3A6BCEB4B57.tmp' to 'D:/Unreal Projects/ViveTracker_Gamepad_Template/Camera_Control/Saved/Autosaves/Game/Maps/Controller_Example_Map_Auto1.umap'
[2020.08.06-21.10.04:114][927]LogFileHelpers: Editor autosave (incl. sublevels) for '/Game/Maps/Controller_Example_Map' took 0.042
[2020.08.06-21.10.04:114][927]LogFileHelpers: Editor autosave (incl. sublevels) for all levels took 0.042
[2020.08.06-21.20.05:030][795]LogUObjectHash: Compacting FUObjectHashTables data took   0.71ms
[2020.08.06-21.20.05:034][795]LogFileHelpers: Editor autosave (incl. sublevels) for '/Game/Maps/Controller_Example_Map' took 0.020
[2020.08.06-21.20.31:076][894]LogUObjectHash: Compacting FUObjectHashTables data took   1.41ms
[2020.08.06-21.20.32:638][894]LogSlate: Window 'Delete Assets' being destroyed
[2020.08.06-21.20.32:712][894]LogUObjectHash: Compacting FUObjectHashTables data took   0.53ms
[2020.08.06-21.20.32:734][894]LogUObjectHash: Compacting FUObjectHashTables data took   0.53ms
[2020.08.06-21.20.32:753][894]LogUObjectHash: Compacting FUObjectHashTables data took   0.54ms
[2020.08.06-21.30.04:913][500]LogUObjectHash: Compacting FUObjectHashTables data took   0.71ms
[2020.08.06-21.30.04:917][500]LogFileHelpers: Editor autosave (incl. sublevels) for '/Game/Maps/Controller_Example_Map' took 0.021
[2020.08.06-21.40.04:793][431]LogUObjectHash: Compacting FUObjectHashTables data took   0.69ms
[2020.08.06-21.40.04:796][431]LogFileHelpers: Editor autosave (incl. sublevels) for '/Game/Maps/Controller_Example_Map' took 0.021
[2020.08.06-21.50.04:673][364]LogUObjectHash: Compacting FUObjectHashTables data took   0.52ms
[2020.08.06-21.50.04:676][364]LogFileHelpers: Editor autosave (incl. sublevels) for '/Game/Maps/Controller_Example_Map' took 0.019
[2020.08.06-22.00.04:553][297]LogUObjectHash: Compacting FUObjectHashTables data took   0.53ms
[2020.08.06-22.00.04:556][297]LogFileHelpers: Editor autosave (incl. sublevels) for '/Game/Maps/Controller_Example_Map' took 0.019
[2020.08.06-22.10.04:435][229]LogUObjectHash: Compacting FUObjectHashTables data took   0.53ms
[2020.08.06-22.10.04:438][229]LogFileHelpers: Editor autosave (incl. sublevels) for '/Game/Maps/Controller_Example_Map' took 0.020
[2020.08.06-22.20.04:314][161]LogUObjectHash: Compacting FUObjectHashTables data took   0.52ms
[2020.08.06-22.20.04:318][161]LogFileHelpers: Editor autosave (incl. sublevels) for '/Game/Maps/Controller_Example_Map' took 0.020
[2020.08.06-22.30.04:194][ 94]LogUObjectHash: Compacting FUObjectHashTables data took   0.53ms
[2020.08.06-22.30.04:197][ 94]LogFileHelpers: Editor autosave (incl. sublevels) for '/Game/Maps/Controller_Example_Map' took 0.019
[2020.08.06-22.40.04:075][ 26]LogUObjectHash: Compacting FUObjectHashTables data took   0.52ms
[2020.08.06-22.40.04:078][ 26]LogFileHelpers: Editor autosave (incl. sublevels) for '/Game/Maps/Controller_Example_Map' took 0.020
[2020.08.06-22.50.03:956][957]LogUObjectHash: Compacting FUObjectHashTables data took   0.53ms
[2020.08.06-22.50.03:959][957]LogFileHelpers: Editor autosave (incl. sublevels) for '/Game/Maps/Controller_Example_Map' took 0.020
[2020.08.06-23.00.03:837][888]LogUObjectHash: Compacting FUObjectHashTables data took   0.56ms
[2020.08.06-23.00.03:840][888]LogFileHelpers: Editor autosave (incl. sublevels) for '/Game/Maps/Controller_Example_Map' took 0.020
[2020.08.06-23.10.03:717][819]LogUObjectHash: Compacting FUObjectHashTables data took   0.54ms
[2020.08.06-23.10.03:720][819]LogFileHelpers: Editor autosave (incl. sublevels) for '/Game/Maps/Controller_Example_Map' took 0.021
[2020.08.06-23.20.03:597][752]LogUObjectHash: Compacting FUObjectHashTables data took   0.54ms
[2020.08.06-23.20.03:600][752]LogFileHelpers: Editor autosave (incl. sublevels) for '/Game/Maps/Controller_Example_Map' took 0.019
[2020.08.06-23.30.03:477][683]LogUObjectHash: Compacting FUObjectHashTables data took   0.54ms
[2020.08.06-23.30.03:480][683]LogFileHelpers: Editor autosave (incl. sublevels) for '/Game/Maps/Controller_Example_Map' took 0.020
[2020.08.06-23.40.03:359][615]LogUObjectHash: Compacting FUObjectHashTables data took   0.53ms
[2020.08.06-23.40.03:362][615]LogFileHelpers: Editor autosave (incl. sublevels) for '/Game/Maps/Controller_Example_Map' took 0.021
[2020.08.06-23.50.03:222][547]LogUObjectHash: Compacting FUObjectHashTables data took   0.54ms
[2020.08.06-23.50.03:225][547]LogFileHelpers: Editor autosave (incl. sublevels) for '/Game/Maps/Controller_Example_Map' took 0.020
[2020.08.07-00.00.03:151][425]LogUObjectHash: Compacting FUObjectHashTables data took   0.53ms
[2020.08.07-00.00.03:154][425]LogFileHelpers: Editor autosave (incl. sublevels) for '/Game/Maps/Controller_Example_Map' took 0.020
